This file contains any messages produced by compilers while
running configure, to aid debugging if configure makes a mistake.

It was created by tesseract configure 3.05.00dev, which was
generated by GNU Autoconf 2.69.  Invocation command line was

  $ ./configure --silent --prefix=/app/.vendor/tesseract --with-extra-libraries=/app/.vendor/leptonica-1.71/lib

## --------- ##
## Platform. ##
## --------- ##

hostname = ubuntu
uname -m = x86_64
uname -r = 4.4.0-31-generic
uname -s = Linux
uname -v = #50~14.04.1-Ubuntu SMP Wed Jul 13 01:07:32 UTC 2016

/usr/bin/uname -p = unknown
/bin/uname -X     = unknown

/bin/arch              = unknown
/usr/bin/arch -k       = unknown
/usr/convex/getsysinfo = unknown
/usr/bin/hostinfo      = unknown
/bin/machine           = unknown
/usr/bin/oslevel       = unknown
/bin/universe          = unknown

PATH: /usr/local/sbin
PATH: /usr/local/bin
PATH: /usr/sbin
PATH: /usr/bin
PATH: /sbin
PATH: /bin


## ----------- ##
## Core tests. ##
## ----------- ##

configure:2618: checking for g++
configure:2634: found /usr/bin/g++
configure:2645: result: g++
configure:2672: checking for C++ compiler version
configure:2681: g++ --version >&5
g++ (Ubuntu 4.8.4-2ubuntu1~14.04.3) 4.8.4
Copyright (C) 2013 Free Software Foundation, Inc.
This is free software; see the source for copying conditions.  There is NO
warranty; not even for MERCHANTABILITY or FITNESS FOR A PARTICULAR PURPOSE.

configure:2692: $? = 0
configure:2681: g++ -v >&5
Using built-in specs.
COLLECT_GCC=g++
COLLECT_LTO_WRAPPER=/usr/lib/gcc/x86_64-linux-gnu/4.8/lto-wrapper
Target: x86_64-linux-gnu
Configured with: ../src/configure -v --with-pkgversion='Ubuntu 4.8.4-2ubuntu1~14.04.3' --with-bugurl=file:///usr/share/doc/gcc-4.8/README.Bugs --enable-languages=c,c++,java,go,d,fortran,objc,obj-c++ --prefix=/usr --program-suffix=-4.8 --enable-shared --enable-linker-build-id --libexecdir=/usr/lib --without-included-gettext --enable-threads=posix --with-gxx-include-dir=/usr/include/c++/4.8 --libdir=/usr/lib --enable-nls --with-sysroot=/ --enable-clocale=gnu --enable-libstdcxx-debug --enable-libstdcxx-time=yes --enable-gnu-unique-object --disable-libmudflap --enable-plugin --with-system-zlib --disable-browser-plugin --enable-java-awt=gtk --enable-gtk-cairo --with-java-home=/usr/lib/jvm/java-1.5.0-gcj-4.8-amd64/jre --enable-java-home --with-jvm-root-dir=/usr/lib/jvm/java-1.5.0-gcj-4.8-amd64 --with-jvm-jar-dir=/usr/lib/jvm-exports/java-1.5.0-gcj-4.8-amd64 --with-arch-directory=amd64 --with-ecj-jar=/usr/share/java/eclipse-ecj.jar --enable-objc-gc --enable-multiarch --disable-werror --with-arch-32=i686 --with-abi=m64 --with-multilib-list=m32,m64,mx32 --with-tune=generic --enable-checking=release --build=x86_64-linux-gnu --host=x86_64-linux-gnu --target=x86_64-linux-gnu
Thread model: posix
gcc version 4.8.4 (Ubuntu 4.8.4-2ubuntu1~14.04.3) 
configure:2692: $? = 0
configure:2681: g++ -V >&5
g++: error: unrecognized command line option '-V'
g++: fatal error: no input files
compilation terminated.
configure:2692: $? = 4
configure:2681: g++ -qversion >&5
g++: error: unrecognized command line option '-qversion'
g++: fatal error: no input files
compilation terminated.
configure:2692: $? = 4
configure:2712: checking whether the C++ compiler works
configure:2734: g++    conftest.cpp  >&5
configure:2738: $? = 0
configure:2786: result: yes
configure:2789: checking for C++ compiler default output file name
configure:2791: result: a.out
configure:2797: checking for suffix of executables
configure:2804: g++ -o conftest    conftest.cpp  >&5
configure:2808: $? = 0
configure:2830: result: 
configure:2852: checking whether we are cross compiling
configure:2860: g++ -o conftest    conftest.cpp  >&5
configure:2864: $? = 0
configure:2871: ./conftest
configure:2875: $? = 0
configure:2890: result: no
configure:2895: checking for suffix of object files
configure:2917: g++ -c   conftest.cpp >&5
configure:2921: $? = 0
configure:2942: result: o
configure:2946: checking whether we are using the GNU C++ compiler
configure:2965: g++ -c   conftest.cpp >&5
configure:2965: $? = 0
configure:2974: result: yes
configure:2983: checking whether g++ accepts -g
configure:3003: g++ -c -g  conftest.cpp >&5
configure:3003: $? = 0
configure:3044: result: yes
configure:3217: checking for a BSD-compatible install
configure:3285: result: /usr/bin/install -c
configure:3296: checking whether build environment is sane
configure:3351: result: yes
configure:3502: checking for a thread-safe mkdir -p
configure:3541: result: /bin/mkdir -p
configure:3548: checking for gawk
configure:3578: result: no
configure:3548: checking for mawk
configure:3564: found /usr/bin/mawk
configure:3575: result: mawk
configure:3586: checking whether make sets $(MAKE)
configure:3608: result: yes
configure:3638: checking for style of include used by make
configure:3666: result: GNU
configure:3700: checking whether make supports nested variables
configure:3717: result: yes
configure:3802: checking dependency style of g++
configure:3913: result: gcc3
configure:3973: checking whether to enable maintainer-specific portions of Makefiles
configure:3982: result: no
configure:4041: checking build system type
configure:4055: result: x86_64-unknown-linux-gnu
configure:4075: checking host system type
configure:4088: result: x86_64-unknown-linux-gnu
configure:4217: checking --enable-graphics argument
configure:4226: result: yes
configure:4243: checking whether to disable cube
configure:4252: result: no
configure:4268: checking --enable-embedded argument
configure:4277: result: no
configure:4309: checking for g++ option to support OpenMP
configure:4324: g++ -o conftest -g -O2   -L/app/.vendor/leptonica-1.71/lib conftest.cpp  >&5
conftest.cpp:18:2: error: 'choke' does not name a type
  choke me
  ^
In file included from conftest.cpp:20:0:
/usr/lib/gcc/x86_64-linux-gnu/4.8/include/omp.h:38:3: error: 'omp_lock_t' does not name a type
 } omp_lock_t;
   ^
/usr/lib/gcc/x86_64-linux-gnu/4.8/include/omp.h:81:28: error: variable or field 'omp_init_lock' declared void
 extern void omp_init_lock (omp_lock_t *) __GOMP_NOTHROW;
                            ^
/usr/lib/gcc/x86_64-linux-gnu/4.8/include/omp.h:81:28: error: 'omp_lock_t' was not declared in this scope
/usr/lib/gcc/x86_64-linux-gnu/4.8/include/omp.h:81:40: error: expected primary-expression before ')' token
 extern void omp_init_lock (omp_lock_t *) __GOMP_NOTHROW;
                                        ^
/usr/lib/gcc/x86_64-linux-gnu/4.8/include/omp.h:82:31: error: variable or field 'omp_destroy_lock' declared void
 extern void omp_destroy_lock (omp_lock_t *) __GOMP_NOTHROW;
                               ^
/usr/lib/gcc/x86_64-linux-gnu/4.8/include/omp.h:82:31: error: 'omp_lock_t' was not declared in this scope
/usr/lib/gcc/x86_64-linux-gnu/4.8/include/omp.h:82:43: error: expected primary-expression before ')' token
 extern void omp_destroy_lock (omp_lock_t *) __GOMP_NOTHROW;
                                           ^
/usr/lib/gcc/x86_64-linux-gnu/4.8/include/omp.h:83:27: error: variable or field 'omp_set_lock' declared void
 extern void omp_set_lock (omp_lock_t *) __GOMP_NOTHROW;
                           ^
/usr/lib/gcc/x86_64-linux-gnu/4.8/include/omp.h:83:27: error: 'omp_lock_t' was not declared in this scope
/usr/lib/gcc/x86_64-linux-gnu/4.8/include/omp.h:83:39: error: expected primary-expression before ')' token
 extern void omp_set_lock (omp_lock_t *) __GOMP_NOTHROW;
                                       ^
/usr/lib/gcc/x86_64-linux-gnu/4.8/include/omp.h:84:29: error: variable or field 'omp_unset_lock' declared void
 extern void omp_unset_lock (omp_lock_t *) __GOMP_NOTHROW;
                             ^
/usr/lib/gcc/x86_64-linux-gnu/4.8/include/omp.h:84:29: error: 'omp_lock_t' was not declared in this scope
/usr/lib/gcc/x86_64-linux-gnu/4.8/include/omp.h:84:41: error: expected primary-expression before ')' token
 extern void omp_unset_lock (omp_lock_t *) __GOMP_NOTHROW;
                                         ^
/usr/lib/gcc/x86_64-linux-gnu/4.8/include/omp.h:85:27: error: 'omp_lock_t' was not declared in this scope
 extern int omp_test_lock (omp_lock_t *) __GOMP_NOTHROW;
                           ^
/usr/lib/gcc/x86_64-linux-gnu/4.8/include/omp.h:85:39: error: expected primary-expression before ')' token
 extern int omp_test_lock (omp_lock_t *) __GOMP_NOTHROW;
                                       ^
/usr/lib/gcc/x86_64-linux-gnu/4.8/include/omp.h:85:41: error: expected ',' or ';' before 'throw'
 extern int omp_test_lock (omp_lock_t *) __GOMP_NOTHROW;
                                         ^
configure:4324: $? = 1
configure: failed program was:
| /* confdefs.h */
| #define PACKAGE_NAME "tesseract"
| #define PACKAGE_TARNAME "tesseract"
| #define PACKAGE_VERSION "3.05.00dev"
| #define PACKAGE_STRING "tesseract 3.05.00dev"
| #define PACKAGE_BUGREPORT "https://github.com/tesseract-ocr/tesseract/issues"
| #define PACKAGE_URL ""
| #define GIT_REV "1dbc8c1"
| #define PACKAGE_NAME "tesseract"
| #define PACKAGE_VERSION "3.05.00dev"
| #define PACKAGE_YEAR "2015"
| #define PACKAGE_DATE "07/11"
| #define PACKAGE "tesseract"
| #define VERSION "3.05.00dev"
| /* end confdefs.h.  */
| 
| #ifndef _OPENMP
|  choke me
| #endif
| #include <omp.h>
| int main () { return omp_get_num_threads (); }
| 
configure:4342: g++ -o conftest -g -O2 -fopenmp   -L/app/.vendor/leptonica-1.71/lib conftest.cpp  >&5
configure:4342: $? = 0
configure:4356: result: -fopenmp
configure:4386: checking --enable-opencl argument
configure:4395: result: no
configure:4404: checking how to run the C++ preprocessor
configure:4431: g++ -E  conftest.cpp
configure:4431: $? = 0
configure:4445: g++ -E  conftest.cpp
conftest.cpp:16:28: fatal error: ac_nonexistent.h: No such file or directory
 #include <ac_nonexistent.h>
                            ^
compilation terminated.
configure:4445: $? = 1
configure: failed program was:
| /* confdefs.h */
| #define PACKAGE_NAME "tesseract"
| #define PACKAGE_TARNAME "tesseract"
| #define PACKAGE_VERSION "3.05.00dev"
| #define PACKAGE_STRING "tesseract 3.05.00dev"
| #define PACKAGE_BUGREPORT "https://github.com/tesseract-ocr/tesseract/issues"
| #define PACKAGE_URL ""
| #define GIT_REV "1dbc8c1"
| #define PACKAGE_NAME "tesseract"
| #define PACKAGE_VERSION "3.05.00dev"
| #define PACKAGE_YEAR "2015"
| #define PACKAGE_DATE "07/11"
| #define PACKAGE "tesseract"
| #define VERSION "3.05.00dev"
| /* end confdefs.h.  */
| #include <ac_nonexistent.h>
configure:4470: result: g++ -E
configure:4490: g++ -E  conftest.cpp
configure:4490: $? = 0
configure:4504: g++ -E  conftest.cpp
conftest.cpp:16:28: fatal error: ac_nonexistent.h: No such file or directory
 #include <ac_nonexistent.h>
                            ^
compilation terminated.
configure:4504: $? = 1
configure: failed program was:
| /* confdefs.h */
| #define PACKAGE_NAME "tesseract"
| #define PACKAGE_TARNAME "tesseract"
| #define PACKAGE_VERSION "3.05.00dev"
| #define PACKAGE_STRING "tesseract 3.05.00dev"
| #define PACKAGE_BUGREPORT "https://github.com/tesseract-ocr/tesseract/issues"
| #define PACKAGE_URL ""
| #define GIT_REV "1dbc8c1"
| #define PACKAGE_NAME "tesseract"
| #define PACKAGE_VERSION "3.05.00dev"
| #define PACKAGE_YEAR "2015"
| #define PACKAGE_DATE "07/11"
| #define PACKAGE "tesseract"
| #define VERSION "3.05.00dev"
| /* end confdefs.h.  */
| #include <ac_nonexistent.h>
configure:4533: checking for grep that handles long lines and -e
configure:4591: result: /bin/grep
configure:4596: checking for egrep
configure:4658: result: /bin/grep -E
configure:4663: checking for ANSI C header files
configure:4683: g++ -c -g -O2  conftest.cpp >&5
configure:4683: $? = 0
configure:4756: g++ -o conftest -g -O2   -L/app/.vendor/leptonica-1.71/lib conftest.cpp  >&5
configure:4756: $? = 0
configure:4756: ./conftest
configure:4756: $? = 0
configure:4767: result: yes
configure:4780: checking for sys/types.h
configure:4780: g++ -c -g -O2  conftest.cpp >&5
configure:4780: $? = 0
configure:4780: result: yes
configure:4780: checking for sys/stat.h
configure:4780: g++ -c -g -O2  conftest.cpp >&5
configure:4780: $? = 0
configure:4780: result: yes
configure:4780: checking for stdlib.h
configure:4780: g++ -c -g -O2  conftest.cpp >&5
configure:4780: $? = 0
configure:4780: result: yes
configure:4780: checking for string.h
configure:4780: g++ -c -g -O2  conftest.cpp >&5
configure:4780: $? = 0
configure:4780: result: yes
configure:4780: checking for memory.h
configure:4780: g++ -c -g -O2  conftest.cpp >&5
configure:4780: $? = 0
configure:4780: result: yes
configure:4780: checking for strings.h
configure:4780: g++ -c -g -O2  conftest.cpp >&5
configure:4780: $? = 0
configure:4780: result: yes
configure:4780: checking for inttypes.h
configure:4780: g++ -c -g -O2  conftest.cpp >&5
configure:4780: $? = 0
configure:4780: result: yes
configure:4780: checking for stdint.h
configure:4780: g++ -c -g -O2  conftest.cpp >&5
configure:4780: $? = 0
configure:4780: result: yes
configure:4780: checking for unistd.h
configure:4780: g++ -c -g -O2  conftest.cpp >&5
configure:4780: $? = 0
configure:4780: result: yes
configure:4794: checking CL/cl.h usability
configure:4794: g++ -c -g -O2  conftest.cpp >&5
conftest.cpp:59:19: fatal error: CL/cl.h: No such file or directory
 #include <CL/cl.h>
                   ^
compilation terminated.
configure:4794: $? = 1
configure: failed program was:
| /* confdefs.h */
| #define PACKAGE_NAME "tesseract"
| #define PACKAGE_TARNAME "tesseract"
| #define PACKAGE_VERSION "3.05.00dev"
| #define PACKAGE_STRING "tesseract 3.05.00dev"
| #define PACKAGE_BUGREPORT "https://github.com/tesseract-ocr/tesseract/issues"
| #define PACKAGE_URL ""
| #define GIT_REV "1dbc8c1"
| #define PACKAGE_NAME "tesseract"
| #define PACKAGE_VERSION "3.05.00dev"
| #define PACKAGE_YEAR "2015"
| #define PACKAGE_DATE "07/11"
| #define PACKAGE "tesseract"
| #define VERSION "3.05.00dev"
| #define STDC_HEADERS 1
| #define HAVE_SYS_TYPES_H 1
| #define HAVE_SYS_STAT_H 1
| #define HAVE_STDLIB_H 1
| #define HAVE_STRING_H 1
| #define HAVE_MEMORY_H 1
| #define HAVE_STRINGS_H 1
| #define HAVE_INTTYPES_H 1
| #define HAVE_STDINT_H 1
| #define HAVE_UNISTD_H 1
| /* end confdefs.h.  */
| #include <stdio.h>
| #ifdef HAVE_SYS_TYPES_H
| # include <sys/types.h>
| #endif
| #ifdef HAVE_SYS_STAT_H
| # include <sys/stat.h>
| #endif
| #ifdef STDC_HEADERS
| # include <stdlib.h>
| # include <stddef.h>
| #else
| # ifdef HAVE_STDLIB_H
| #  include <stdlib.h>
| # endif
| #endif
| #ifdef HAVE_STRING_H
| # if !defined STDC_HEADERS && defined HAVE_MEMORY_H
| #  include <memory.h>
| # endif
| # include <string.h>
| #endif
| #ifdef HAVE_STRINGS_H
| # include <strings.h>
| #endif
| #ifdef HAVE_INTTYPES_H
| # include <inttypes.h>
| #endif
| #ifdef HAVE_STDINT_H
| # include <stdint.h>
| #endif
| #ifdef HAVE_UNISTD_H
| # include <unistd.h>
| #endif
| #include <CL/cl.h>
configure:4794: result: no
configure:4794: checking CL/cl.h presence
configure:4794: g++ -E  conftest.cpp
conftest.cpp:26:19: fatal error: CL/cl.h: No such file or directory
 #include <CL/cl.h>
                   ^
compilation terminated.
configure:4794: $? = 1
configure: failed program was:
| /* confdefs.h */
| #define PACKAGE_NAME "tesseract"
| #define PACKAGE_TARNAME "tesseract"
| #define PACKAGE_VERSION "3.05.00dev"
| #define PACKAGE_STRING "tesseract 3.05.00dev"
| #define PACKAGE_BUGREPORT "https://github.com/tesseract-ocr/tesseract/issues"
| #define PACKAGE_URL ""
| #define GIT_REV "1dbc8c1"
| #define PACKAGE_NAME "tesseract"
| #define PACKAGE_VERSION "3.05.00dev"
| #define PACKAGE_YEAR "2015"
| #define PACKAGE_DATE "07/11"
| #define PACKAGE "tesseract"
| #define VERSION "3.05.00dev"
| #define STDC_HEADERS 1
| #define HAVE_SYS_TYPES_H 1
| #define HAVE_SYS_STAT_H 1
| #define HAVE_STDLIB_H 1
| #define HAVE_STRING_H 1
| #define HAVE_MEMORY_H 1
| #define HAVE_STRINGS_H 1
| #define HAVE_INTTYPES_H 1
| #define HAVE_STDINT_H 1
| #define HAVE_UNISTD_H 1
| /* end confdefs.h.  */
| #include <CL/cl.h>
configure:4794: result: no
configure:4794: checking for CL/cl.h
configure:4794: result: no
configure:4804: checking OpenCL/cl.h usability
configure:4804: g++ -c -g -O2  conftest.cpp >&5
conftest.cpp:59:23: fatal error: OpenCL/cl.h: No such file or directory
 #include <OpenCL/cl.h>
                       ^
compilation terminated.
configure:4804: $? = 1
configure: failed program was:
| /* confdefs.h */
| #define PACKAGE_NAME "tesseract"
| #define PACKAGE_TARNAME "tesseract"
| #define PACKAGE_VERSION "3.05.00dev"
| #define PACKAGE_STRING "tesseract 3.05.00dev"
| #define PACKAGE_BUGREPORT "https://github.com/tesseract-ocr/tesseract/issues"
| #define PACKAGE_URL ""
| #define GIT_REV "1dbc8c1"
| #define PACKAGE_NAME "tesseract"
| #define PACKAGE_VERSION "3.05.00dev"
| #define PACKAGE_YEAR "2015"
| #define PACKAGE_DATE "07/11"
| #define PACKAGE "tesseract"
| #define VERSION "3.05.00dev"
| #define STDC_HEADERS 1
| #define HAVE_SYS_TYPES_H 1
| #define HAVE_SYS_STAT_H 1
| #define HAVE_STDLIB_H 1
| #define HAVE_STRING_H 1
| #define HAVE_MEMORY_H 1
| #define HAVE_STRINGS_H 1
| #define HAVE_INTTYPES_H 1
| #define HAVE_STDINT_H 1
| #define HAVE_UNISTD_H 1
| /* end confdefs.h.  */
| #include <stdio.h>
| #ifdef HAVE_SYS_TYPES_H
| # include <sys/types.h>
| #endif
| #ifdef HAVE_SYS_STAT_H
| # include <sys/stat.h>
| #endif
| #ifdef STDC_HEADERS
| # include <stdlib.h>
| # include <stddef.h>
| #else
| # ifdef HAVE_STDLIB_H
| #  include <stdlib.h>
| # endif
| #endif
| #ifdef HAVE_STRING_H
| # if !defined STDC_HEADERS && defined HAVE_MEMORY_H
| #  include <memory.h>
| # endif
| # include <string.h>
| #endif
| #ifdef HAVE_STRINGS_H
| # include <strings.h>
| #endif
| #ifdef HAVE_INTTYPES_H
| # include <inttypes.h>
| #endif
| #ifdef HAVE_STDINT_H
| # include <stdint.h>
| #endif
| #ifdef HAVE_UNISTD_H
| # include <unistd.h>
| #endif
| #include <OpenCL/cl.h>
configure:4804: result: no
configure:4804: checking OpenCL/cl.h presence
configure:4804: g++ -E  conftest.cpp
conftest.cpp:26:23: fatal error: OpenCL/cl.h: No such file or directory
 #include <OpenCL/cl.h>
                       ^
compilation terminated.
configure:4804: $? = 1
configure: failed program was:
| /* confdefs.h */
| #define PACKAGE_NAME "tesseract"
| #define PACKAGE_TARNAME "tesseract"
| #define PACKAGE_VERSION "3.05.00dev"
| #define PACKAGE_STRING "tesseract 3.05.00dev"
| #define PACKAGE_BUGREPORT "https://github.com/tesseract-ocr/tesseract/issues"
| #define PACKAGE_URL ""
| #define GIT_REV "1dbc8c1"
| #define PACKAGE_NAME "tesseract"
| #define PACKAGE_VERSION "3.05.00dev"
| #define PACKAGE_YEAR "2015"
| #define PACKAGE_DATE "07/11"
| #define PACKAGE "tesseract"
| #define VERSION "3.05.00dev"
| #define STDC_HEADERS 1
| #define HAVE_SYS_TYPES_H 1
| #define HAVE_SYS_STAT_H 1
| #define HAVE_STDLIB_H 1
| #define HAVE_STRING_H 1
| #define HAVE_MEMORY_H 1
| #define HAVE_STRINGS_H 1
| #define HAVE_INTTYPES_H 1
| #define HAVE_STDINT_H 1
| #define HAVE_UNISTD_H 1
| /* end confdefs.h.  */
| #include <OpenCL/cl.h>
configure:4804: result: no
configure:4804: checking for OpenCL/cl.h
configure:4804: result: no
configure:4825: checking tiffio.h usability
configure:4825: g++ -c -g -O2  conftest.cpp >&5
configure:4825: $? = 0
configure:4825: result: yes
configure:4825: checking tiffio.h presence
configure:4825: g++ -E  conftest.cpp
configure:4825: $? = 0
configure:4825: result: yes
configure:4825: checking for tiffio.h
configure:4825: result: yes
configure:4900: checking for clGetPlatformIDs in -lOpenCL
configure:4925: g++ -o conftest -g -O2   -L/app/.vendor/leptonica-1.71/lib conftest.cpp -lOpenCL   >&5
/usr/bin/ld: cannot find -lOpenCL
collect2: error: ld returned 1 exit status
configure:4925: $? = 1
configure: failed program was:
| /* confdefs.h */
| #define PACKAGE_NAME "tesseract"
| #define PACKAGE_TARNAME "tesseract"
| #define PACKAGE_VERSION "3.05.00dev"
| #define PACKAGE_STRING "tesseract 3.05.00dev"
| #define PACKAGE_BUGREPORT "https://github.com/tesseract-ocr/tesseract/issues"
| #define PACKAGE_URL ""
| #define GIT_REV "1dbc8c1"
| #define PACKAGE_NAME "tesseract"
| #define PACKAGE_VERSION "3.05.00dev"
| #define PACKAGE_YEAR "2015"
| #define PACKAGE_DATE "07/11"
| #define PACKAGE "tesseract"
| #define VERSION "3.05.00dev"
| #define STDC_HEADERS 1
| #define HAVE_SYS_TYPES_H 1
| #define HAVE_SYS_STAT_H 1
| #define HAVE_STDLIB_H 1
| #define HAVE_STRING_H 1
| #define HAVE_MEMORY_H 1
| #define HAVE_STRINGS_H 1
| #define HAVE_INTTYPES_H 1
| #define HAVE_STDINT_H 1
| #define HAVE_UNISTD_H 1
| #define HAVE_TIFFIO_H 1
| /* end confdefs.h.  */
| 
| /* Override any GCC internal prototype to avoid an error.
|    Use char because int might match the return type of a GCC
|    builtin and then its argument prototype would still apply.  */
| #ifdef __cplusplus
| extern "C"
| #endif
| char clGetPlatformIDs ();
| int
| main ()
| {
| return clGetPlatformIDs ();
|   ;
|   return 0;
| }
configure:4934: result: no
configure:4973: checking --enable-visibility argument
configure:4982: result: no
configure:4994: checking --enable-multiple-libraries argument
configure:5003: result: no
configure:5015: checking whether to use tessdata-prefix
configure:5024: result: yes
configure:5036: checking whether to enable debugging
configure:5045: result: no
configure:5118: checking how to print strings
configure:5145: result: printf
configure:5214: checking for gcc
configure:5230: found /usr/bin/gcc
configure:5241: result: gcc
configure:5470: checking for C compiler version
configure:5479: gcc --version >&5
gcc (Ubuntu 4.8.4-2ubuntu1~14.04.3) 4.8.4
Copyright (C) 2013 Free Software Foundation, Inc.
This is free software; see the source for copying conditions.  There is NO
warranty; not even for MERCHANTABILITY or FITNESS FOR A PARTICULAR PURPOSE.

configure:5490: $? = 0
configure:5479: gcc -v >&5
Using built-in specs.
COLLECT_GCC=gcc
COLLECT_LTO_WRAPPER=/usr/lib/gcc/x86_64-linux-gnu/4.8/lto-wrapper
Target: x86_64-linux-gnu
Configured with: ../src/configure -v --with-pkgversion='Ubuntu 4.8.4-2ubuntu1~14.04.3' --with-bugurl=file:///usr/share/doc/gcc-4.8/README.Bugs --enable-languages=c,c++,java,go,d,fortran,objc,obj-c++ --prefix=/usr --program-suffix=-4.8 --enable-shared --enable-linker-build-id --libexecdir=/usr/lib --without-included-gettext --enable-threads=posix --with-gxx-include-dir=/usr/include/c++/4.8 --libdir=/usr/lib --enable-nls --with-sysroot=/ --enable-clocale=gnu --enable-libstdcxx-debug --enable-libstdcxx-time=yes --enable-gnu-unique-object --disable-libmudflap --enable-plugin --with-system-zlib --disable-browser-plugin --enable-java-awt=gtk --enable-gtk-cairo --with-java-home=/usr/lib/jvm/java-1.5.0-gcj-4.8-amd64/jre --enable-java-home --with-jvm-root-dir=/usr/lib/jvm/java-1.5.0-gcj-4.8-amd64 --with-jvm-jar-dir=/usr/lib/jvm-exports/java-1.5.0-gcj-4.8-amd64 --with-arch-directory=amd64 --with-ecj-jar=/usr/share/java/eclipse-ecj.jar --enable-objc-gc --enable-multiarch --disable-werror --with-arch-32=i686 --with-abi=m64 --with-multilib-list=m32,m64,mx32 --with-tune=generic --enable-checking=release --build=x86_64-linux-gnu --host=x86_64-linux-gnu --target=x86_64-linux-gnu
Thread model: posix
gcc version 4.8.4 (Ubuntu 4.8.4-2ubuntu1~14.04.3) 
configure:5490: $? = 0
configure:5479: gcc -V >&5
gcc: error: unrecognized command line option '-V'
gcc: fatal error: no input files
compilation terminated.
configure:5490: $? = 4
configure:5479: gcc -qversion >&5
gcc: error: unrecognized command line option '-qversion'
gcc: fatal error: no input files
compilation terminated.
configure:5490: $? = 4
configure:5494: checking whether we are using the GNU C compiler
configure:5513: gcc -c   conftest.c >&5
configure:5513: $? = 0
configure:5522: result: yes
configure:5531: checking whether gcc accepts -g
configure:5551: gcc -c -g  conftest.c >&5
configure:5551: $? = 0
configure:5592: result: yes
configure:5609: checking for gcc option to accept ISO C89
configure:5672: gcc  -c -g -O2  conftest.c >&5
configure:5672: $? = 0
configure:5685: result: none needed
configure:5710: checking whether gcc understands -c and -o together
configure:5732: gcc -c conftest.c -o conftest2.o
configure:5735: $? = 0
configure:5732: gcc -c conftest.c -o conftest2.o
configure:5735: $? = 0
configure:5747: result: yes
configure:5766: checking dependency style of gcc
configure:5877: result: gcc3
configure:5892: checking for a sed that does not truncate output
configure:5956: result: /bin/sed
configure:5974: checking for fgrep
configure:6036: result: /bin/grep -F
configure:6071: checking for ld used by gcc
configure:6138: result: /usr/bin/ld
configure:6145: checking if the linker (/usr/bin/ld) is GNU ld
configure:6160: result: yes
configure:6172: checking for BSD- or MS-compatible name lister (nm)
configure:6221: result: /usr/bin/nm -B
configure:6351: checking the name lister (/usr/bin/nm -B) interface
configure:6358: g++ -c -g -O2  conftest.cpp >&5
configure:6361: /usr/bin/nm -B "conftest.o"
configure:6364: output
0000000000000000 B some_variable
configure:6371: result: BSD nm
configure:6374: checking whether ln -s works
configure:6378: result: yes
configure:6386: checking the maximum length of command line arguments
configure:6517: result: 1572864
configure:6534: checking whether the shell understands some XSI constructs
configure:6544: result: yes
configure:6548: checking whether the shell understands "+="
configure:6554: result: yes
configure:6589: checking how to convert x86_64-unknown-linux-gnu file names to x86_64-unknown-linux-gnu format
configure:6629: result: func_convert_file_noop
configure:6636: checking how to convert x86_64-unknown-linux-gnu file names to toolchain format
configure:6656: result: func_convert_file_noop
configure:6663: checking for /usr/bin/ld option to reload object files
configure:6670: result: -r
configure:6744: checking for objdump
configure:6760: found /usr/bin/objdump
configure:6771: result: objdump
configure:6803: checking how to recognize dependent libraries
configure:7001: result: pass_all
configure:7086: checking for dlltool
configure:7116: result: no
configure:7146: checking how to associate runtime and link libraries
configure:7173: result: printf %s\n
configure:7233: checking for ar
configure:7249: found /usr/bin/ar
configure:7260: result: ar
configure:7297: checking for archiver @FILE support
configure:7314: g++ -c -g -O2  conftest.cpp >&5
configure:7314: $? = 0
configure:7317: ar cru libconftest.a @conftest.lst >&5
configure:7320: $? = 0
configure:7325: ar cru libconftest.a @conftest.lst >&5
ar: conftest.o: No such file or directory
configure:7328: $? = 1
configure:7340: result: @
configure:7398: checking for strip
configure:7414: found /usr/bin/strip
configure:7425: result: strip
configure:7497: checking for ranlib
configure:7513: found /usr/bin/ranlib
configure:7524: result: ranlib
configure:7626: checking command to parse /usr/bin/nm -B output from gcc object
configure:7746: g++ -c -g -O2  conftest.cpp >&5
configure:7749: $? = 0
configure:7753: /usr/bin/nm -B conftest.o \| sed -n -e 's/^.*[ ]\([ABCDGIRSTW][ABCDGIRSTW]*\)[ ][ ]*\([_A-Za-z][_A-Za-z0-9]*\)$/\1 \2 \2/p' | sed '/ __gnu_lto/d' \> conftest.nm
configure:7756: $? = 0
configure:7822: g++ -o conftest -g -O2   -L/app/.vendor/leptonica-1.71/lib conftest.cpp conftstm.o >&5
configure:7825: $? = 0
configure:7863: result: ok
configure:7900: checking for sysroot
configure:7930: result: no
configure:8008: g++ -c -g -O2  conftest.cpp >&5
configure:8011: $? = 0
configure:8200: checking for mt
configure:8216: found /bin/mt
configure:8227: result: mt
configure:8250: checking if mt is a manifest tool
configure:8256: mt '-?'
configure:8264: result: no
configure:8903: checking for dlfcn.h
configure:8903: g++ -c -g -O2  conftest.cpp >&5
configure:8903: $? = 0
configure:8903: result: yes
configure:9119: checking for objdir
configure:9134: result: .libs
configure:9401: checking if gcc supports -fno-rtti -fno-exceptions
configure:9419: gcc -c -g -O2  -fno-rtti -fno-exceptions conftest.c >&5
cc1: warning: command line option '-fno-rtti' is valid for C++/ObjC++ but not for C [enabled by default]
configure:9423: $? = 0
configure:9436: result: no
configure:9763: checking for gcc option to produce PIC
configure:9770: result: -fPIC -DPIC
configure:9778: checking if gcc PIC flag -fPIC -DPIC works
configure:9796: gcc -c -g -O2  -fPIC -DPIC -DPIC conftest.c >&5
configure:9800: $? = 0
configure:9813: result: yes
configure:9842: checking if gcc static flag -static works
configure:9870: result: yes
configure:9885: checking if gcc supports -c -o file.o
configure:9906: gcc -c -g -O2  -o out/conftest2.o conftest.c >&5
configure:9910: $? = 0
configure:9932: result: yes
configure:9940: checking if gcc supports -c -o file.o
configure:9987: result: yes
configure:10020: checking whether the gcc linker (/usr/bin/ld -m elf_x86_64) supports shared libraries
configure:11177: result: yes
configure:11214: checking whether -lc should be explicitly linked in
configure:11222: gcc -c -g -O2  conftest.c >&5
configure:11225: $? = 0
configure:11240: gcc -shared  -fPIC -DPIC conftest.o  -v -Wl,-soname -Wl,conftest -o conftest 2\>\&1 \| /bin/grep  -lc  \>/dev/null 2\>\&1
configure:11243: $? = 0
configure:11257: result: no
configure:11417: checking dynamic linker characteristics
configure:11917: gcc -o conftest -g -O2   -L/app/.vendor/leptonica-1.71/lib -Wl,-rpath -Wl,/foo conftest.c  >&5
configure:11917: $? = 0
configure:12151: result: GNU/Linux ld.so
configure:12258: checking how to hardcode library paths into programs
configure:12283: result: immediate
configure:12823: checking whether stripping libraries is possible
configure:12828: result: yes
configure:12863: checking if libtool supports shared libraries
configure:12865: result: yes
configure:12868: checking whether to build shared libraries
configure:12889: result: yes
configure:12892: checking whether to build static libraries
configure:12896: result: yes
configure:12919: checking how to run the C++ preprocessor
configure:12985: result: g++ -E
configure:13005: g++ -E  conftest.cpp
configure:13005: $? = 0
configure:13019: g++ -E  conftest.cpp
conftest.cpp:29:28: fatal error: ac_nonexistent.h: No such file or directory
 #include <ac_nonexistent.h>
                            ^
compilation terminated.
configure:13019: $? = 1
configure: failed program was:
| /* confdefs.h */
| #define PACKAGE_NAME "tesseract"
| #define PACKAGE_TARNAME "tesseract"
| #define PACKAGE_VERSION "3.05.00dev"
| #define PACKAGE_STRING "tesseract 3.05.00dev"
| #define PACKAGE_BUGREPORT "https://github.com/tesseract-ocr/tesseract/issues"
| #define PACKAGE_URL ""
| #define GIT_REV "1dbc8c1"
| #define PACKAGE_NAME "tesseract"
| #define PACKAGE_VERSION "3.05.00dev"
| #define PACKAGE_YEAR "2015"
| #define PACKAGE_DATE "07/11"
| #define PACKAGE "tesseract"
| #define VERSION "3.05.00dev"
| #define STDC_HEADERS 1
| #define HAVE_SYS_TYPES_H 1
| #define HAVE_SYS_STAT_H 1
| #define HAVE_STDLIB_H 1
| #define HAVE_STRING_H 1
| #define HAVE_MEMORY_H 1
| #define HAVE_STRINGS_H 1
| #define HAVE_INTTYPES_H 1
| #define HAVE_STDINT_H 1
| #define HAVE_UNISTD_H 1
| #define HAVE_TIFFIO_H 1
| #define HAVE_DLFCN_H 1
| #define LT_OBJDIR ".libs/"
| /* end confdefs.h.  */
| #include <ac_nonexistent.h>
configure:13188: checking for ld used by g++
configure:13255: result: /usr/bin/ld -m elf_x86_64
configure:13262: checking if the linker (/usr/bin/ld -m elf_x86_64) is GNU ld
configure:13277: result: yes
configure:13332: checking whether the g++ linker (/usr/bin/ld -m elf_x86_64) supports shared libraries
configure:14334: result: yes
configure:14370: g++ -c -g -O2  conftest.cpp >&5
configure:14373: $? = 0
configure:14893: checking for g++ option to produce PIC
configure:14900: result: -fPIC -DPIC
configure:14908: checking if g++ PIC flag -fPIC -DPIC works
configure:14926: g++ -c -g -O2  -fPIC -DPIC -DPIC conftest.cpp >&5
configure:14930: $? = 0
configure:14943: result: yes
configure:14966: checking if g++ static flag -static works
configure:14994: result: yes
configure:15006: checking if g++ supports -c -o file.o
configure:15027: g++ -c -g -O2  -o out/conftest2.o conftest.cpp >&5
configure:15031: $? = 0
configure:15053: result: yes
configure:15058: checking if g++ supports -c -o file.o
configure:15105: result: yes
configure:15135: checking whether the g++ linker (/usr/bin/ld -m elf_x86_64) supports shared libraries
configure:15174: result: yes
configure:15315: checking dynamic linker characteristics
configure:15983: result: GNU/Linux ld.so
configure:16036: checking how to hardcode library paths into programs
configure:16061: result: immediate
configure:16130: checking whether byte ordering is bigendian
configure:16145: g++ -c -g -O2  conftest.cpp >&5
conftest.cpp:30:9: error: expected unqualified-id before 'not' token
         not a universal capable compiler
         ^
configure:16145: $? = 1
configure: failed program was:
| /* confdefs.h */
| #define PACKAGE_NAME "tesseract"
| #define PACKAGE_TARNAME "tesseract"
| #define PACKAGE_VERSION "3.05.00dev"
| #define PACKAGE_STRING "tesseract 3.05.00dev"
| #define PACKAGE_BUGREPORT "https://github.com/tesseract-ocr/tesseract/issues"
| #define PACKAGE_URL ""
| #define GIT_REV "1dbc8c1"
| #define PACKAGE_NAME "tesseract"
| #define PACKAGE_VERSION "3.05.00dev"
| #define PACKAGE_YEAR "2015"
| #define PACKAGE_DATE "07/11"
| #define PACKAGE "tesseract"
| #define VERSION "3.05.00dev"
| #define STDC_HEADERS 1
| #define HAVE_SYS_TYPES_H 1
| #define HAVE_SYS_STAT_H 1
| #define HAVE_STDLIB_H 1
| #define HAVE_STRING_H 1
| #define HAVE_MEMORY_H 1
| #define HAVE_STRINGS_H 1
| #define HAVE_INTTYPES_H 1
| #define HAVE_STDINT_H 1
| #define HAVE_UNISTD_H 1
| #define HAVE_TIFFIO_H 1
| #define HAVE_DLFCN_H 1
| #define LT_OBJDIR ".libs/"
| /* end confdefs.h.  */
| #ifndef __APPLE_CC__
| 	       not a universal capable compiler
| 	     #endif
| 	     typedef int dummy;
| 
configure:16190: g++ -c -g -O2  conftest.cpp >&5
configure:16190: $? = 0
configure:16208: g++ -c -g -O2  conftest.cpp >&5
conftest.cpp: In function 'int main()':
conftest.cpp:36:8: error: 'big' was not declared in this scope
    not big endian
        ^
conftest.cpp:36:12: error: expected ';' before 'endian'
    not big endian
            ^
configure:16208: $? = 1
configure: failed program was:
| /* confdefs.h */
| #define PACKAGE_NAME "tesseract"
| #define PACKAGE_TARNAME "tesseract"
| #define PACKAGE_VERSION "3.05.00dev"
| #define PACKAGE_STRING "tesseract 3.05.00dev"
| #define PACKAGE_BUGREPORT "https://github.com/tesseract-ocr/tesseract/issues"
| #define PACKAGE_URL ""
| #define GIT_REV "1dbc8c1"
| #define PACKAGE_NAME "tesseract"
| #define PACKAGE_VERSION "3.05.00dev"
| #define PACKAGE_YEAR "2015"
| #define PACKAGE_DATE "07/11"
| #define PACKAGE "tesseract"
| #define VERSION "3.05.00dev"
| #define STDC_HEADERS 1
| #define HAVE_SYS_TYPES_H 1
| #define HAVE_SYS_STAT_H 1
| #define HAVE_STDLIB_H 1
| #define HAVE_STRING_H 1
| #define HAVE_MEMORY_H 1
| #define HAVE_STRINGS_H 1
| #define HAVE_INTTYPES_H 1
| #define HAVE_STDINT_H 1
| #define HAVE_UNISTD_H 1
| #define HAVE_TIFFIO_H 1
| #define HAVE_DLFCN_H 1
| #define LT_OBJDIR ".libs/"
| /* end confdefs.h.  */
| #include <sys/types.h>
| 		#include <sys/param.h>
| 
| int
| main ()
| {
| #if BYTE_ORDER != BIG_ENDIAN
| 		 not big endian
| 		#endif
| 
|   ;
|   return 0;
| }
configure:16336: result: no
configure:16376: checking if compiling with clang
configure:16393: g++ -c -g -O2  conftest.cpp >&5
conftest.cpp: In function 'int main()':
conftest.cpp:35:12: error: 'clang' was not declared in this scope
        not clang
            ^
configure:16393: $? = 1
configure: failed program was:
| /* confdefs.h */
| #define PACKAGE_NAME "tesseract"
| #define PACKAGE_TARNAME "tesseract"
| #define PACKAGE_VERSION "3.05.00dev"
| #define PACKAGE_STRING "tesseract 3.05.00dev"
| #define PACKAGE_BUGREPORT "https://github.com/tesseract-ocr/tesseract/issues"
| #define PACKAGE_URL ""
| #define GIT_REV "1dbc8c1"
| #define PACKAGE_NAME "tesseract"
| #define PACKAGE_VERSION "3.05.00dev"
| #define PACKAGE_YEAR "2015"
| #define PACKAGE_DATE "07/11"
| #define PACKAGE "tesseract"
| #define VERSION "3.05.00dev"
| #define STDC_HEADERS 1
| #define HAVE_SYS_TYPES_H 1
| #define HAVE_SYS_STAT_H 1
| #define HAVE_STDLIB_H 1
| #define HAVE_STRING_H 1
| #define HAVE_MEMORY_H 1
| #define HAVE_STRINGS_H 1
| #define HAVE_INTTYPES_H 1
| #define HAVE_STDINT_H 1
| #define HAVE_UNISTD_H 1
| #define HAVE_TIFFIO_H 1
| #define HAVE_DLFCN_H 1
| #define LT_OBJDIR ".libs/"
| /* end confdefs.h.  */
| 
| int
| main ()
| {
| 
| #ifndef __clang__
|        not clang
| #endif
| 
|   ;
|   return 0;
| }
configure:16400: result: no
configure:16405: checking whether compiler supports C++11
configure:16419: g++ -c -g -O2 -std=c++11  conftest.cpp >&5
configure:16419: $? = 0
configure:16421: result: yes
configure:16435: checking for snprintf
configure:16435: g++ -o conftest -g -O2 -std=c++11   -L/app/.vendor/leptonica-1.71/lib conftest.cpp  >&5
configure:16435: $? = 0
configure:16435: result: yes
configure:16452: checking for library containing sem_init
configure:16483: g++ -o conftest -g -O2   -L/app/.vendor/leptonica-1.71/lib conftest.cpp  >&5
/tmp/ccnwzCUf.o: In function `main':
/app/tmp/tesseract/conftest.cpp:41: undefined reference to `sem_init'
collect2: error: ld returned 1 exit status
configure:16483: $? = 1
configure: failed program was:
| /* confdefs.h */
| #define PACKAGE_NAME "tesseract"
| #define PACKAGE_TARNAME "tesseract"
| #define PACKAGE_VERSION "3.05.00dev"
| #define PACKAGE_STRING "tesseract 3.05.00dev"
| #define PACKAGE_BUGREPORT "https://github.com/tesseract-ocr/tesseract/issues"
| #define PACKAGE_URL ""
| #define GIT_REV "1dbc8c1"
| #define PACKAGE_NAME "tesseract"
| #define PACKAGE_VERSION "3.05.00dev"
| #define PACKAGE_YEAR "2015"
| #define PACKAGE_DATE "07/11"
| #define PACKAGE "tesseract"
| #define VERSION "3.05.00dev"
| #define STDC_HEADERS 1
| #define HAVE_SYS_TYPES_H 1
| #define HAVE_SYS_STAT_H 1
| #define HAVE_STDLIB_H 1
| #define HAVE_STRING_H 1
| #define HAVE_MEMORY_H 1
| #define HAVE_STRINGS_H 1
| #define HAVE_INTTYPES_H 1
| #define HAVE_STDINT_H 1
| #define HAVE_UNISTD_H 1
| #define HAVE_TIFFIO_H 1
| #define HAVE_DLFCN_H 1
| #define LT_OBJDIR ".libs/"
| #define HAVE_SNPRINTF 1
| /* end confdefs.h.  */
| 
| /* Override any GCC internal prototype to avoid an error.
|    Use char because int might match the return type of a GCC
|    builtin and then its argument prototype would still apply.  */
| #ifdef __cplusplus
| extern "C"
| #endif
| char sem_init ();
| int
| main ()
| {
| return sem_init ();
|   ;
|   return 0;
| }
configure:16483: g++ -o conftest -g -O2   -L/app/.vendor/leptonica-1.71/lib conftest.cpp -lpthread   >&5
configure:16483: $? = 0
configure:16500: result: -lpthread
configure:16514: checking for ANSI C header files
configure:16618: result: yes
configure:16626: checking whether time.h and sys/time.h may both be included
configure:16646: g++ -c -g -O2  conftest.cpp >&5
configure:16646: $? = 0
configure:16653: result: yes
configure:16661: checking for sys/wait.h that is POSIX.1 compatible
configure:16687: g++ -c -g -O2  conftest.cpp >&5
configure:16687: $? = 0
configure:16694: result: yes
configure:16705: checking sys/ipc.h usability
configure:16705: g++ -c -g -O2  conftest.cpp >&5
configure:16705: $? = 0
configure:16705: result: yes
configure:16705: checking sys/ipc.h presence
configure:16705: g++ -E  conftest.cpp
configure:16705: $? = 0
configure:16705: result: yes
configure:16705: checking for sys/ipc.h
configure:16705: result: yes
configure:16705: checking sys/shm.h usability
configure:16705: g++ -c -g -O2  conftest.cpp >&5
configure:16705: $? = 0
configure:16705: result: yes
configure:16705: checking sys/shm.h presence
configure:16705: g++ -E  conftest.cpp
configure:16705: $? = 0
configure:16705: result: yes
configure:16705: checking for sys/shm.h
configure:16705: result: yes
configure:16718: checking limits.h usability
configure:16718: g++ -c -g -O2  conftest.cpp >&5
configure:16718: $? = 0
configure:16718: result: yes
configure:16718: checking limits.h presence
configure:16718: g++ -E  conftest.cpp
configure:16718: $? = 0
configure:16718: result: yes
configure:16718: checking for limits.h
configure:16718: result: yes
configure:16718: checking malloc.h usability
configure:16718: g++ -c -g -O2  conftest.cpp >&5
configure:16718: $? = 0
configure:16718: result: yes
configure:16718: checking malloc.h presence
configure:16718: g++ -E  conftest.cpp
configure:16718: $? = 0
configure:16718: result: yes
configure:16718: checking for malloc.h
configure:16718: result: yes
configure:16729: checking for stdbool.h that conforms to C99
configure:16796: g++ -c -g -O2  conftest.cpp >&5
configure:16796: $? = 0
configure:16803: result: yes
configure:16805: checking for _Bool
configure:16805: g++ -c -g -O2  conftest.cpp >&5
conftest.cpp: In function 'int main()':
conftest.cpp:73:13: error: '_Bool' was not declared in this scope
 if (sizeof (_Bool))
             ^
configure:16805: $? = 1
configure: failed program was:
| /* confdefs.h */
| #define PACKAGE_NAME "tesseract"
| #define PACKAGE_TARNAME "tesseract"
| #define PACKAGE_VERSION "3.05.00dev"
| #define PACKAGE_STRING "tesseract 3.05.00dev"
| #define PACKAGE_BUGREPORT "https://github.com/tesseract-ocr/tesseract/issues"
| #define PACKAGE_URL ""
| #define GIT_REV "1dbc8c1"
| #define PACKAGE_NAME "tesseract"
| #define PACKAGE_VERSION "3.05.00dev"
| #define PACKAGE_YEAR "2015"
| #define PACKAGE_DATE "07/11"
| #define PACKAGE "tesseract"
| #define VERSION "3.05.00dev"
| #define STDC_HEADERS 1
| #define HAVE_SYS_TYPES_H 1
| #define HAVE_SYS_STAT_H 1
| #define HAVE_STDLIB_H 1
| #define HAVE_STRING_H 1
| #define HAVE_MEMORY_H 1
| #define HAVE_STRINGS_H 1
| #define HAVE_INTTYPES_H 1
| #define HAVE_STDINT_H 1
| #define HAVE_UNISTD_H 1
| #define HAVE_TIFFIO_H 1
| #define HAVE_DLFCN_H 1
| #define LT_OBJDIR ".libs/"
| #define HAVE_SNPRINTF 1
| #define STDC_HEADERS 1
| #define TIME_WITH_SYS_TIME 1
| #define HAVE_SYS_WAIT_H 1
| #define HAVE_SYS_IPC_H 1
| #define HAVE_SYS_SHM_H 1
| #define HAVE_LIMITS_H 1
| #define HAVE_MALLOC_H 1
| /* end confdefs.h.  */
| #include <stdio.h>
| #ifdef HAVE_SYS_TYPES_H
| # include <sys/types.h>
| #endif
| #ifdef HAVE_SYS_STAT_H
| # include <sys/stat.h>
| #endif
| #ifdef STDC_HEADERS
| # include <stdlib.h>
| # include <stddef.h>
| #else
| # ifdef HAVE_STDLIB_H
| #  include <stdlib.h>
| # endif
| #endif
| #ifdef HAVE_STRING_H
| # if !defined STDC_HEADERS && defined HAVE_MEMORY_H
| #  include <memory.h>
| # endif
| # include <string.h>
| #endif
| #ifdef HAVE_STRINGS_H
| # include <strings.h>
| #endif
| #ifdef HAVE_INTTYPES_H
| # include <inttypes.h>
| #endif
| #ifdef HAVE_STDINT_H
| # include <stdint.h>
| #endif
| #ifdef HAVE_UNISTD_H
| # include <unistd.h>
| #endif
| int
| main ()
| {
| if (sizeof (_Bool))
| 	 return 0;
|   ;
|   return 0;
| }
configure:16805: result: no
configure:16824: checking whether #! works in shell scripts
configure:16841: result: yes
configure:16852: checking for special C compiler options needed for large files
configure:16897: result: no
configure:16903: checking for _FILE_OFFSET_BITS value needed for large files
configure:16928: g++ -c -g -O2  conftest.cpp >&5
configure:16928: $? = 0
configure:16960: result: no
configure:17048: checking for getline
configure:17048: g++ -o conftest -g -O2   -L/app/.vendor/leptonica-1.71/lib conftest.cpp -lpthread  >&5
configure:17048: $? = 0
configure:17048: result: yes
configure:17062: checking for wchar_t
configure:17062: g++ -c -g -O2  conftest.cpp >&5
configure:17062: $? = 0
configure:17062: g++ -c -g -O2  conftest.cpp >&5
conftest.cpp: In function 'int main()':
conftest.cpp:44:14: error: expected primary-expression before 'wchar_t'
 if (sizeof ((wchar_t)))
              ^
conftest.cpp:44:14: error: expected ')' before 'wchar_t'
conftest.cpp:45:14: error: expected ')' before ';' token
      return 0;
              ^
conftest.cpp:45:14: error: expected ')' before ';' token
configure:17062: $? = 1
configure: failed program was:
| /* confdefs.h */
| #define PACKAGE_NAME "tesseract"
| #define PACKAGE_TARNAME "tesseract"
| #define PACKAGE_VERSION "3.05.00dev"
| #define PACKAGE_STRING "tesseract 3.05.00dev"
| #define PACKAGE_BUGREPORT "https://github.com/tesseract-ocr/tesseract/issues"
| #define PACKAGE_URL ""
| #define GIT_REV "1dbc8c1"
| #define PACKAGE_NAME "tesseract"
| #define PACKAGE_VERSION "3.05.00dev"
| #define PACKAGE_YEAR "2015"
| #define PACKAGE_DATE "07/11"
| #define PACKAGE "tesseract"
| #define VERSION "3.05.00dev"
| #define STDC_HEADERS 1
| #define HAVE_SYS_TYPES_H 1
| #define HAVE_SYS_STAT_H 1
| #define HAVE_STDLIB_H 1
| #define HAVE_STRING_H 1
| #define HAVE_MEMORY_H 1
| #define HAVE_STRINGS_H 1
| #define HAVE_INTTYPES_H 1
| #define HAVE_STDINT_H 1
| #define HAVE_UNISTD_H 1
| #define HAVE_TIFFIO_H 1
| #define HAVE_DLFCN_H 1
| #define LT_OBJDIR ".libs/"
| #define HAVE_SNPRINTF 1
| #define STDC_HEADERS 1
| #define TIME_WITH_SYS_TIME 1
| #define HAVE_SYS_WAIT_H 1
| #define HAVE_SYS_IPC_H 1
| #define HAVE_SYS_SHM_H 1
| #define HAVE_LIMITS_H 1
| #define HAVE_MALLOC_H 1
| #define HAVE_STDBOOL_H 1
| #define HAVE_GETLINE 1
| /* end confdefs.h.  */
| #include "wchar.h"
| 
| int
| main ()
| {
| if (sizeof ((wchar_t)))
| 	    return 0;
|   ;
|   return 0;
| }
configure:17062: result: yes
configure:17073: checking for long long int
configure:17073: g++ -c -g -O2  conftest.cpp >&5
configure:17073: $? = 0
configure:17073: g++ -c -g -O2  conftest.cpp >&5
conftest.cpp: In function 'int main()':
conftest.cpp:76:14: error: expected primary-expression before 'long'
 if (sizeof ((long long int)))
              ^
conftest.cpp:76:14: error: expected ')' before 'long'
conftest.cpp:77:14: error: expected ')' before ';' token
      return 0;
              ^
conftest.cpp:77:14: error: expected ')' before ';' token
configure:17073: $? = 1
configure: failed program was:
| /* confdefs.h */
| #define PACKAGE_NAME "tesseract"
| #define PACKAGE_TARNAME "tesseract"
| #define PACKAGE_VERSION "3.05.00dev"
| #define PACKAGE_STRING "tesseract 3.05.00dev"
| #define PACKAGE_BUGREPORT "https://github.com/tesseract-ocr/tesseract/issues"
| #define PACKAGE_URL ""
| #define GIT_REV "1dbc8c1"
| #define PACKAGE_NAME "tesseract"
| #define PACKAGE_VERSION "3.05.00dev"
| #define PACKAGE_YEAR "2015"
| #define PACKAGE_DATE "07/11"
| #define PACKAGE "tesseract"
| #define VERSION "3.05.00dev"
| #define STDC_HEADERS 1
| #define HAVE_SYS_TYPES_H 1
| #define HAVE_SYS_STAT_H 1
| #define HAVE_STDLIB_H 1
| #define HAVE_STRING_H 1
| #define HAVE_MEMORY_H 1
| #define HAVE_STRINGS_H 1
| #define HAVE_INTTYPES_H 1
| #define HAVE_STDINT_H 1
| #define HAVE_UNISTD_H 1
| #define HAVE_TIFFIO_H 1
| #define HAVE_DLFCN_H 1
| #define LT_OBJDIR ".libs/"
| #define HAVE_SNPRINTF 1
| #define STDC_HEADERS 1
| #define TIME_WITH_SYS_TIME 1
| #define HAVE_SYS_WAIT_H 1
| #define HAVE_SYS_IPC_H 1
| #define HAVE_SYS_SHM_H 1
| #define HAVE_LIMITS_H 1
| #define HAVE_MALLOC_H 1
| #define HAVE_STDBOOL_H 1
| #define HAVE_GETLINE 1
| #define HAVE_WCHAR_T 1
| /* end confdefs.h.  */
| #include <stdio.h>
| #ifdef HAVE_SYS_TYPES_H
| # include <sys/types.h>
| #endif
| #ifdef HAVE_SYS_STAT_H
| # include <sys/stat.h>
| #endif
| #ifdef STDC_HEADERS
| # include <stdlib.h>
| # include <stddef.h>
| #else
| # ifdef HAVE_STDLIB_H
| #  include <stdlib.h>
| # endif
| #endif
| #ifdef HAVE_STRING_H
| # if !defined STDC_HEADERS && defined HAVE_MEMORY_H
| #  include <memory.h>
| # endif
| # include <string.h>
| #endif
| #ifdef HAVE_STRINGS_H
| # include <strings.h>
| #endif
| #ifdef HAVE_INTTYPES_H
| # include <inttypes.h>
| #endif
| #ifdef HAVE_STDINT_H
| # include <stdint.h>
| #endif
| #ifdef HAVE_UNISTD_H
| # include <unistd.h>
| #endif
| int
| main ()
| {
| if (sizeof ((long long int)))
| 	    return 0;
|   ;
|   return 0;
| }
configure:17073: result: yes
configure:17083: checking for off_t
configure:17083: g++ -c -g -O2  conftest.cpp >&5
configure:17083: $? = 0
configure:17083: g++ -c -g -O2  conftest.cpp >&5
conftest.cpp: In function 'int main()':
conftest.cpp:46:19: error: expected primary-expression before ')' token
 if (sizeof ((off_t)))
                   ^
configure:17083: $? = 1
configure: failed program was:
| /* confdefs.h */
| #define PACKAGE_NAME "tesseract"
| #define PACKAGE_TARNAME "tesseract"
| #define PACKAGE_VERSION "3.05.00dev"
| #define PACKAGE_STRING "tesseract 3.05.00dev"
| #define PACKAGE_BUGREPORT "https://github.com/tesseract-ocr/tesseract/issues"
| #define PACKAGE_URL ""
| #define GIT_REV "1dbc8c1"
| #define PACKAGE_NAME "tesseract"
| #define PACKAGE_VERSION "3.05.00dev"
| #define PACKAGE_YEAR "2015"
| #define PACKAGE_DATE "07/11"
| #define PACKAGE "tesseract"
| #define VERSION "3.05.00dev"
| #define STDC_HEADERS 1
| #define HAVE_SYS_TYPES_H 1
| #define HAVE_SYS_STAT_H 1
| #define HAVE_STDLIB_H 1
| #define HAVE_STRING_H 1
| #define HAVE_MEMORY_H 1
| #define HAVE_STRINGS_H 1
| #define HAVE_INTTYPES_H 1
| #define HAVE_STDINT_H 1
| #define HAVE_UNISTD_H 1
| #define HAVE_TIFFIO_H 1
| #define HAVE_DLFCN_H 1
| #define LT_OBJDIR ".libs/"
| #define HAVE_SNPRINTF 1
| #define STDC_HEADERS 1
| #define TIME_WITH_SYS_TIME 1
| #define HAVE_SYS_WAIT_H 1
| #define HAVE_SYS_IPC_H 1
| #define HAVE_SYS_SHM_H 1
| #define HAVE_LIMITS_H 1
| #define HAVE_MALLOC_H 1
| #define HAVE_STDBOOL_H 1
| #define HAVE_GETLINE 1
| #define HAVE_WCHAR_T 1
| #define HAVE_LONG_LONG_INT 1
| /* end confdefs.h.  */
| #include "sys/types.h"
| 
| int
| main ()
| {
| if (sizeof ((off_t)))
| 	    return 0;
|   ;
|   return 0;
| }
configure:17083: result: yes
configure:17094: checking for mbstate_t
configure:17094: g++ -c -g -O2  conftest.cpp >&5
configure:17094: $? = 0
configure:17094: g++ -c -g -O2  conftest.cpp >&5
conftest.cpp: In function 'int main()':
conftest.cpp:47:23: error: expected primary-expression before ')' token
 if (sizeof ((mbstate_t)))
                       ^
configure:17094: $? = 1
configure: failed program was:
| /* confdefs.h */
| #define PACKAGE_NAME "tesseract"
| #define PACKAGE_TARNAME "tesseract"
| #define PACKAGE_VERSION "3.05.00dev"
| #define PACKAGE_STRING "tesseract 3.05.00dev"
| #define PACKAGE_BUGREPORT "https://github.com/tesseract-ocr/tesseract/issues"
| #define PACKAGE_URL ""
| #define GIT_REV "1dbc8c1"
| #define PACKAGE_NAME "tesseract"
| #define PACKAGE_VERSION "3.05.00dev"
| #define PACKAGE_YEAR "2015"
| #define PACKAGE_DATE "07/11"
| #define PACKAGE "tesseract"
| #define VERSION "3.05.00dev"
| #define STDC_HEADERS 1
| #define HAVE_SYS_TYPES_H 1
| #define HAVE_SYS_STAT_H 1
| #define HAVE_STDLIB_H 1
| #define HAVE_STRING_H 1
| #define HAVE_MEMORY_H 1
| #define HAVE_STRINGS_H 1
| #define HAVE_INTTYPES_H 1
| #define HAVE_STDINT_H 1
| #define HAVE_UNISTD_H 1
| #define HAVE_TIFFIO_H 1
| #define HAVE_DLFCN_H 1
| #define LT_OBJDIR ".libs/"
| #define HAVE_SNPRINTF 1
| #define STDC_HEADERS 1
| #define TIME_WITH_SYS_TIME 1
| #define HAVE_SYS_WAIT_H 1
| #define HAVE_SYS_IPC_H 1
| #define HAVE_SYS_SHM_H 1
| #define HAVE_LIMITS_H 1
| #define HAVE_MALLOC_H 1
| #define HAVE_STDBOOL_H 1
| #define HAVE_GETLINE 1
| #define HAVE_WCHAR_T 1
| #define HAVE_LONG_LONG_INT 1
| #define HAVE_OFF_T 1
| /* end confdefs.h.  */
| #include "wchar.h"
| 
| int
| main ()
| {
| if (sizeof ((mbstate_t)))
| 	    return 0;
|   ;
|   return 0;
| }
configure:17094: result: yes
configure:17111: checking for leptonica
configure:17131: result: yes
configure:17133: checking for l_generateCIDataForPdf in -llept
configure:17158: g++ -o conftest -g -O2  -I/app/.vendor/leptonica-1.71/include/leptonica  -L/app/.vendor/leptonica-1.71/lib conftest.cpp -llept  -lpthread  >&5
configure:17158: $? = 0
configure:17167: result: yes
configure:17184: checking leptonica headers version >= 1.71
configure:17201: g++ -E  -I/app/.vendor/leptonica-1.71/include/leptonica conftest.cpp
configure:17201: $? = 0
configure:17202: result: yes
configure:17225: checking unicode/uchar.h usability
configure:17225: g++ -c -g -O2  -I/app/.vendor/leptonica-1.71/include/leptonica conftest.cpp >&5
conftest.cpp:77:27: fatal error: unicode/uchar.h: No such file or directory
 #include <unicode/uchar.h>
                           ^
compilation terminated.
configure:17225: $? = 1
configure: failed program was:
| /* confdefs.h */
| #define PACKAGE_NAME "tesseract"
| #define PACKAGE_TARNAME "tesseract"
| #define PACKAGE_VERSION "3.05.00dev"
| #define PACKAGE_STRING "tesseract 3.05.00dev"
| #define PACKAGE_BUGREPORT "https://github.com/tesseract-ocr/tesseract/issues"
| #define PACKAGE_URL ""
| #define GIT_REV "1dbc8c1"
| #define PACKAGE_NAME "tesseract"
| #define PACKAGE_VERSION "3.05.00dev"
| #define PACKAGE_YEAR "2015"
| #define PACKAGE_DATE "07/11"
| #define PACKAGE "tesseract"
| #define VERSION "3.05.00dev"
| #define STDC_HEADERS 1
| #define HAVE_SYS_TYPES_H 1
| #define HAVE_SYS_STAT_H 1
| #define HAVE_STDLIB_H 1
| #define HAVE_STRING_H 1
| #define HAVE_MEMORY_H 1
| #define HAVE_STRINGS_H 1
| #define HAVE_INTTYPES_H 1
| #define HAVE_STDINT_H 1
| #define HAVE_UNISTD_H 1
| #define HAVE_TIFFIO_H 1
| #define HAVE_DLFCN_H 1
| #define LT_OBJDIR ".libs/"
| #define HAVE_SNPRINTF 1
| #define STDC_HEADERS 1
| #define TIME_WITH_SYS_TIME 1
| #define HAVE_SYS_WAIT_H 1
| #define HAVE_SYS_IPC_H 1
| #define HAVE_SYS_SHM_H 1
| #define HAVE_LIMITS_H 1
| #define HAVE_MALLOC_H 1
| #define HAVE_STDBOOL_H 1
| #define HAVE_GETLINE 1
| #define HAVE_WCHAR_T 1
| #define HAVE_LONG_LONG_INT 1
| #define HAVE_OFF_T 1
| #define HAVE_MBSTATE_T 1
| #define HAVE_LIBLEPT 1
| /* end confdefs.h.  */
| #include <stdio.h>
| #ifdef HAVE_SYS_TYPES_H
| # include <sys/types.h>
| #endif
| #ifdef HAVE_SYS_STAT_H
| # include <sys/stat.h>
| #endif
| #ifdef STDC_HEADERS
| # include <stdlib.h>
| # include <stddef.h>
| #else
| # ifdef HAVE_STDLIB_H
| #  include <stdlib.h>
| # endif
| #endif
| #ifdef HAVE_STRING_H
| # if !defined STDC_HEADERS && defined HAVE_MEMORY_H
| #  include <memory.h>
| # endif
| # include <string.h>
| #endif
| #ifdef HAVE_STRINGS_H
| # include <strings.h>
| #endif
| #ifdef HAVE_INTTYPES_H
| # include <inttypes.h>
| #endif
| #ifdef HAVE_STDINT_H
| # include <stdint.h>
| #endif
| #ifdef HAVE_UNISTD_H
| # include <unistd.h>
| #endif
| #include <unicode/uchar.h>
configure:17225: result: no
configure:17225: checking unicode/uchar.h presence
configure:17225: g++ -E  -I/app/.vendor/leptonica-1.71/include/leptonica conftest.cpp
conftest.cpp:44:27: fatal error: unicode/uchar.h: No such file or directory
 #include <unicode/uchar.h>
                           ^
compilation terminated.
configure:17225: $? = 1
configure: failed program was:
| /* confdefs.h */
| #define PACKAGE_NAME "tesseract"
| #define PACKAGE_TARNAME "tesseract"
| #define PACKAGE_VERSION "3.05.00dev"
| #define PACKAGE_STRING "tesseract 3.05.00dev"
| #define PACKAGE_BUGREPORT "https://github.com/tesseract-ocr/tesseract/issues"
| #define PACKAGE_URL ""
| #define GIT_REV "1dbc8c1"
| #define PACKAGE_NAME "tesseract"
| #define PACKAGE_VERSION "3.05.00dev"
| #define PACKAGE_YEAR "2015"
| #define PACKAGE_DATE "07/11"
| #define PACKAGE "tesseract"
| #define VERSION "3.05.00dev"
| #define STDC_HEADERS 1
| #define HAVE_SYS_TYPES_H 1
| #define HAVE_SYS_STAT_H 1
| #define HAVE_STDLIB_H 1
| #define HAVE_STRING_H 1
| #define HAVE_MEMORY_H 1
| #define HAVE_STRINGS_H 1
| #define HAVE_INTTYPES_H 1
| #define HAVE_STDINT_H 1
| #define HAVE_UNISTD_H 1
| #define HAVE_TIFFIO_H 1
| #define HAVE_DLFCN_H 1
| #define LT_OBJDIR ".libs/"
| #define HAVE_SNPRINTF 1
| #define STDC_HEADERS 1
| #define TIME_WITH_SYS_TIME 1
| #define HAVE_SYS_WAIT_H 1
| #define HAVE_SYS_IPC_H 1
| #define HAVE_SYS_SHM_H 1
| #define HAVE_LIMITS_H 1
| #define HAVE_MALLOC_H 1
| #define HAVE_STDBOOL_H 1
| #define HAVE_GETLINE 1
| #define HAVE_WCHAR_T 1
| #define HAVE_LONG_LONG_INT 1
| #define HAVE_OFF_T 1
| #define HAVE_MBSTATE_T 1
| #define HAVE_LIBLEPT 1
| /* end confdefs.h.  */
| #include <unicode/uchar.h>
configure:17225: result: no
configure:17225: checking for unicode/uchar.h
configure:17225: result: no
configure:17238: WARNING: Training tools WILL NOT be built because of missing icu library.
configure:17240: WARNING: Try to install libicu-devel package.
configure:17307: checking for pkg-config
configure:17325: found /usr/bin/pkg-config
configure:17337: result: /usr/bin/pkg-config
configure:17362: checking pkg-config is at least version 0.9.0
configure:17365: result: yes
configure:17375: checking for pango
configure:17382: $PKG_CONFIG --exists --print-errors "pango"
Package pango was not found in the pkg-config search path.
Perhaps you should add the directory containing `pango.pc'
to the PKG_CONFIG_PATH environment variable
No package 'pango' found
configure:17385: $? = 1
configure:17399: $PKG_CONFIG --exists --print-errors "pango"
Package pango was not found in the pkg-config search path.
Perhaps you should add the directory containing `pango.pc'
to the PKG_CONFIG_PATH environment variable
No package 'pango' found
configure:17402: $? = 1
configure:17416: result: no
No package 'pango' found
configure:17445: WARNING: Training tools WILL NOT be built because of missing pango library.
configure:17447: WARNING: Try to install libpango1.0-dev package.
configure:17464: checking for cairo
configure:17471: $PKG_CONFIG --exists --print-errors "cairo"
Package cairo was not found in the pkg-config search path.
Perhaps you should add the directory containing `cairo.pc'
to the PKG_CONFIG_PATH environment variable
No package 'cairo' found
configure:17474: $? = 1
configure:17488: $PKG_CONFIG --exists --print-errors "cairo"
Package cairo was not found in the pkg-config search path.
Perhaps you should add the directory containing `cairo.pc'
to the PKG_CONFIG_PATH environment variable
No package 'cairo' found
configure:17491: $? = 1
configure:17505: result: no
No package 'cairo' found
configure:17534: WARNING: Training tools WILL NOT be built because of missing cairo library.
configure:17536: WARNING: Try to install libcairo-dev?? package.
configure:17750: checking that generated files are newer than configure
configure:17756: result: done
configure:17888: creating ./config.status

## ---------------------- ##
## Running config.status. ##
## ---------------------- ##

This file was extended by tesseract config.status 3.05.00dev, which was
generated by GNU Autoconf 2.69.  Invocation command line was

  CONFIG_FILES    = 
  CONFIG_HEADERS  = 
  CONFIG_LINKS    = 
  CONFIG_COMMANDS = 
  $ ./config.status --quiet

on ubuntu

config.status:1240: creating Makefile
config.status:1240: creating tesseract.pc
config.status:1240: creating api/Makefile
config.status:1240: creating ccmain/Makefile
config.status:1240: creating opencl/Makefile
config.status:1240: creating ccstruct/Makefile
config.status:1240: creating ccutil/Makefile
config.status:1240: creating classify/Makefile
config.status:1240: creating cube/Makefile
config.status:1240: creating cutil/Makefile
config.status:1240: creating dict/Makefile
config.status:1240: creating neural_networks/runtime/Makefile
config.status:1240: creating textord/Makefile
config.status:1240: creating viewer/Makefile
config.status:1240: creating wordrec/Makefile
config.status:1240: creating tessdata/Makefile
config.status:1240: creating tessdata/configs/Makefile
config.status:1240: creating tessdata/tessconfigs/Makefile
config.status:1240: creating testing/Makefile
config.status:1240: creating java/Makefile
config.status:1240: creating java/com/Makefile
config.status:1240: creating java/com/google/Makefile
config.status:1240: creating java/com/google/scrollview/Makefile
config.status:1240: creating java/com/google/scrollview/events/Makefile
config.status:1240: creating java/com/google/scrollview/ui/Makefile
config.status:1240: creating doc/Makefile
config.status:1240: creating config_auto.h
config.status:1469: executing depfiles commands
config.status:1469: executing libtool commands

## ---------------- ##
## Cache variables. ##
## ---------------- ##

ac_cv_build=x86_64-unknown-linux-gnu
ac_cv_c_bigendian=no
ac_cv_c_compiler_gnu=yes
ac_cv_cxx_compiler_gnu=yes
ac_cv_env_CCC_set=
ac_cv_env_CCC_value=
ac_cv_env_CC_set=
ac_cv_env_CC_value=
ac_cv_env_CFLAGS_set=
ac_cv_env_CFLAGS_value=
ac_cv_env_CPPFLAGS_set=
ac_cv_env_CPPFLAGS_value=
ac_cv_env_CXXCPP_set=
ac_cv_env_CXXCPP_value=
ac_cv_env_CXXFLAGS_set=
ac_cv_env_CXXFLAGS_value=
ac_cv_env_CXX_set=
ac_cv_env_CXX_value=
ac_cv_env_LDFLAGS_set=
ac_cv_env_LDFLAGS_value=
ac_cv_env_LIBLEPT_HEADERSDIR_set=set
ac_cv_env_LIBLEPT_HEADERSDIR_value=/app/.vendor/leptonica-1.71/include
ac_cv_env_LIBS_set=
ac_cv_env_LIBS_value=
ac_cv_env_PKG_CONFIG_LIBDIR_set=
ac_cv_env_PKG_CONFIG_LIBDIR_value=
ac_cv_env_PKG_CONFIG_PATH_set=
ac_cv_env_PKG_CONFIG_PATH_value=
ac_cv_env_PKG_CONFIG_set=
ac_cv_env_PKG_CONFIG_value=
ac_cv_env_build_alias_set=
ac_cv_env_build_alias_value=
ac_cv_env_cairo_CFLAGS_set=
ac_cv_env_cairo_CFLAGS_value=
ac_cv_env_cairo_LIBS_set=
ac_cv_env_cairo_LIBS_value=
ac_cv_env_host_alias_set=
ac_cv_env_host_alias_value=
ac_cv_env_pango_CFLAGS_set=
ac_cv_env_pango_CFLAGS_value=
ac_cv_env_pango_LIBS_set=
ac_cv_env_pango_LIBS_value=
ac_cv_env_target_alias_set=
ac_cv_env_target_alias_value=
ac_cv_func_getline=yes
ac_cv_func_snprintf=yes
ac_cv_header_CL_cl_h=no
ac_cv_header_OpenCL_cl_h=no
ac_cv_header_dlfcn_h=yes
ac_cv_header_inttypes_h=yes
ac_cv_header_limits_h=yes
ac_cv_header_malloc_h=yes
ac_cv_header_memory_h=yes
ac_cv_header_stdbool_h=yes
ac_cv_header_stdc=yes
ac_cv_header_stdint_h=yes
ac_cv_header_stdlib_h=yes
ac_cv_header_string_h=yes
ac_cv_header_strings_h=yes
ac_cv_header_sys_ipc_h=yes
ac_cv_header_sys_shm_h=yes
ac_cv_header_sys_stat_h=yes
ac_cv_header_sys_types_h=yes
ac_cv_header_sys_wait_h=yes
ac_cv_header_tiffio_h=yes
ac_cv_header_time=yes
ac_cv_header_unicode_uchar_h=no
ac_cv_header_unistd_h=yes
ac_cv_host=x86_64-unknown-linux-gnu
ac_cv_lib_OpenCL_clGetPlatformIDs=no
ac_cv_lib_lept_l_generateCIDataForPdf=yes
ac_cv_objext=o
ac_cv_path_EGREP='/bin/grep -E'
ac_cv_path_FGREP='/bin/grep -F'
ac_cv_path_GREP=/bin/grep
ac_cv_path_SED=/bin/sed
ac_cv_path_ac_pt_PKG_CONFIG=/usr/bin/pkg-config
ac_cv_path_install='/usr/bin/install -c'
ac_cv_path_mkdir=/bin/mkdir
ac_cv_prog_AWK=mawk
ac_cv_prog_CXXCPP='g++ -E'
ac_cv_prog_ac_ct_AR=ar
ac_cv_prog_ac_ct_CC=gcc
ac_cv_prog_ac_ct_CXX=g++
ac_cv_prog_ac_ct_MANIFEST_TOOL=mt
ac_cv_prog_ac_ct_OBJDUMP=objdump
ac_cv_prog_ac_ct_RANLIB=ranlib
ac_cv_prog_ac_ct_STRIP=strip
ac_cv_prog_cc_c89=
ac_cv_prog_cc_g=yes
ac_cv_prog_cxx_g=yes
ac_cv_prog_cxx_openmp=-fopenmp
ac_cv_prog_make_make_set=yes
ac_cv_search_sem_init=-lpthread
ac_cv_sys_file_offset_bits=no
ac_cv_sys_interpreter=yes
ac_cv_sys_largefile_CC=no
ac_cv_type__Bool=no
ac_cv_type_long_long_int=yes
ac_cv_type_mbstate_t=yes
ac_cv_type_off_t=yes
ac_cv_type_wchar_t=yes
am_cv_CC_dependencies_compiler_type=gcc3
am_cv_CXX_dependencies_compiler_type=gcc3
am_cv_make_support_nested_variables=yes
am_cv_prog_cc_c_o=yes
lt_cv_ar_at_file=@
lt_cv_archive_cmds_need_lc=no
lt_cv_deplibs_check_method=pass_all
lt_cv_file_magic_cmd='$MAGIC_CMD'
lt_cv_file_magic_test_file=
lt_cv_ld_reload_flag=-r
lt_cv_nm_interface='BSD nm'
lt_cv_objdir=.libs
lt_cv_path_LD=/usr/bin/ld
lt_cv_path_LDCXX='/usr/bin/ld -m elf_x86_64'
lt_cv_path_NM='/usr/bin/nm -B'
lt_cv_path_mainfest_tool=no
lt_cv_prog_compiler_c_o=yes
lt_cv_prog_compiler_c_o_CXX=yes
lt_cv_prog_compiler_pic='-fPIC -DPIC'
lt_cv_prog_compiler_pic_CXX='-fPIC -DPIC'
lt_cv_prog_compiler_pic_works=yes
lt_cv_prog_compiler_pic_works_CXX=yes
lt_cv_prog_compiler_rtti_exceptions=no
lt_cv_prog_compiler_static_works=yes
lt_cv_prog_compiler_static_works_CXX=yes
lt_cv_prog_gnu_ld=yes
lt_cv_prog_gnu_ldcxx=yes
lt_cv_sharedlib_from_linklib_cmd='printf %s\n'
lt_cv_shlibpath_overrides_runpath=no
lt_cv_sys_global_symbol_pipe='sed -n -e '\''s/^.*[	 ]\([ABCDGIRSTW][ABCDGIRSTW]*\)[	 ][	 ]*\([_A-Za-z][_A-Za-z0-9]*\)$/\1 \2 \2/p'\'' | sed '\''/ __gnu_lto/d'\'''
lt_cv_sys_global_symbol_to_c_name_address='sed -n -e '\''s/^: \([^ ]*\)[ ]*$/  {\"\1\", (void *) 0},/p'\'' -e '\''s/^[ABCDGIRSTW]* \([^ ]*\) \([^ ]*\)$/  {"\2", (void *) \&\2},/p'\'''
lt_cv_sys_global_symbol_to_c_name_address_lib_prefix='sed -n -e '\''s/^: \([^ ]*\)[ ]*$/  {\"\1\", (void *) 0},/p'\'' -e '\''s/^[ABCDGIRSTW]* \([^ ]*\) \(lib[^ ]*\)$/  {"\2", (void *) \&\2},/p'\'' -e '\''s/^[ABCDGIRSTW]* \([^ ]*\) \([^ ]*\)$/  {"lib\2", (void *) \&\2},/p'\'''
lt_cv_sys_global_symbol_to_cdecl='sed -n -e '\''s/^T .* \(.*\)$/extern int \1();/p'\'' -e '\''s/^[ABCDGIRSTW]* .* \(.*\)$/extern char \1;/p'\'''
lt_cv_sys_max_cmd_len=1572864
lt_cv_to_host_file_cmd=func_convert_file_noop
lt_cv_to_tool_file_cmd=func_convert_file_noop

## ----------------- ##
## Output variables. ##
## ----------------- ##

ACLOCAL='${SHELL} /app/tmp/tesseract/config/missing aclocal-1.14'
ADD_RT_FALSE='#'
ADD_RT_TRUE=''
AMDEPBACKSLASH='\'
AMDEP_FALSE='#'
AMDEP_TRUE=''
AMTAR='$${TAR-tar}'
AM_BACKSLASH='\'
AM_CPPFLAGS=' -O2 -DNDEBUG'
AM_DEFAULT_V='$(AM_DEFAULT_VERBOSITY)'
AM_DEFAULT_VERBOSITY='1'
AM_LDFLAGS=''
AM_V='$(V)'
AR='ar'
AUTOCONF='${SHELL} /app/tmp/tesseract/config/missing autoconf'
AUTOHEADER='${SHELL} /app/tmp/tesseract/config/missing autoheader'
AUTOMAKE='${SHELL} /app/tmp/tesseract/config/missing automake-1.14'
AWK='mawk'
CC='gcc'
CCDEPMODE='depmode=gcc3'
CFLAGS='-g -O2'
CPPFLAGS=' -I/app/.vendor/leptonica-1.71/include/leptonica'
CXX='g++'
CXXCPP='g++ -E'
CXXDEPMODE='depmode=gcc3'
CXXFLAGS='-g -O2 -std=c++11'
CYGPATH_W='echo'
DEFS='-DHAVE_CONFIG_H'
DEPDIR='.deps'
DLLTOOL='false'
DSYMUTIL=''
DUMPBIN=''
ECHO_C=''
ECHO_N='-n'
ECHO_T=''
EGREP='/bin/grep -E'
EMBEDDED_FALSE=''
EMBEDDED_TRUE='#'
ENABLE_TRAINING_FALSE=''
ENABLE_TRAINING_TRUE='#'
EXEEXT=''
FGREP='/bin/grep -F'
FRAMEWORK_OPENCL=''
GENERIC_API_VERSION='3.4'
GENERIC_LIBRARY_NAME='tesseract'
GENERIC_LIBRARY_VERSION='3:4'
GENERIC_MAJOR_VERSION='3'
GENERIC_RELEASE='3.4'
GENERIC_VERSION='3.4.0'
GRAPHICS_DISABLED_FALSE=''
GRAPHICS_DISABLED_TRUE='#'
GREP='/bin/grep'
INSTALL_DATA='${INSTALL} -m 644'
INSTALL_PROGRAM='${INSTALL}'
INSTALL_SCRIPT='${INSTALL}'
INSTALL_STRIP_PROGRAM='$(install_sh) -c -s'
LD='/usr/bin/ld -m elf_x86_64'
LDFLAGS=' -L/app/.vendor/leptonica-1.71/lib'
LIBLEPT_HEADERSDIR='/app/.vendor/leptonica-1.71/include'
LIBOBJS=''
LIBS='-llept -lpthread '
LIBTOOL='$(SHELL) $(top_builddir)/libtool'
LIPO=''
LN_S='ln -s'
LTLIBOBJS=''
MAINT='#'
MAINTAINER_MODE_FALSE=''
MAINTAINER_MODE_TRUE='#'
MAKEINFO='${SHELL} /app/tmp/tesseract/config/missing makeinfo'
MANIFEST_TOOL=':'
MINGW_FALSE=''
MINGW_TRUE='#'
MKDIR_P='/bin/mkdir -p'
NM='/usr/bin/nm -B'
NMEDIT=''
NO_CUBE_BUILD_FALSE=''
NO_CUBE_BUILD_TRUE='#'
NO_TESSDATA_PREFIX_FALSE=''
NO_TESSDATA_PREFIX_TRUE='#'
OBJDUMP='objdump'
OBJEXT='o'
OPENCL_CPPFLAGS=''
OPENCL_LDFLAGS=''
OPENMP_CXXFLAGS='-fopenmp'
OPENMP_FALSE=''
OPENMP_TRUE='#'
OSX_FALSE=''
OSX_TRUE='#'
OTOOL64=''
OTOOL=''
PACKAGE='tesseract'
PACKAGE_BUGREPORT='https://github.com/tesseract-ocr/tesseract/issues'
PACKAGE_DATE='07/11'
PACKAGE_NAME='tesseract'
PACKAGE_STRING='tesseract 3.05.00dev'
PACKAGE_TARNAME='tesseract'
PACKAGE_URL=''
PACKAGE_VERSION='3.05.00dev'
PACKAGE_YEAR='2015'
PATH_SEPARATOR=':'
PKG_CONFIG='/usr/bin/pkg-config'
PKG_CONFIG_LIBDIR=''
PKG_CONFIG_PATH=''
RANLIB='ranlib'
SED='/bin/sed'
SET_MAKE=''
SHELL='/bin/bash'
STRIP='strip'
T_WIN_FALSE=''
T_WIN_TRUE='#'
USE_OPENCL_FALSE=''
USE_OPENCL_TRUE='#'
USING_MULTIPLELIBS_FALSE=''
USING_MULTIPLELIBS_TRUE='#'
VERSION='3.05.00dev'
VISIBILITY_FALSE=''
VISIBILITY_TRUE='#'
ac_ct_AR='ar'
ac_ct_CC='gcc'
ac_ct_CXX='g++'
ac_ct_DUMPBIN=''
am__EXEEXT_FALSE=''
am__EXEEXT_TRUE='#'
am__fastdepCC_FALSE='#'
am__fastdepCC_TRUE=''
am__fastdepCXX_FALSE='#'
am__fastdepCXX_TRUE=''
am__include='include'
am__isrc=''
am__leading_dot='.'
am__nodep='_no'
am__quote=''
am__tar='$${TAR-tar} chof - "$$tardir"'
am__untar='$${TAR-tar} xf -'
bindir='${exec_prefix}/bin'
build='x86_64-unknown-linux-gnu'
build_alias=''
build_cpu='x86_64'
build_os='linux-gnu'
build_vendor='unknown'
cairo_CFLAGS=''
cairo_LIBS=''
datadir='${datarootdir}'
datarootdir='${prefix}/share'
docdir='${datarootdir}/doc/${PACKAGE_TARNAME}'
dvidir='${docdir}'
exec_prefix='${prefix}'
host='x86_64-unknown-linux-gnu'
host_alias=''
host_cpu='x86_64'
host_os='linux-gnu'
host_vendor='unknown'
htmldir='${docdir}'
includedir='${prefix}/include/tesseract'
infodir='${datarootdir}/info'
install_sh='${SHELL} /app/tmp/tesseract/config/install-sh'
libdir='${exec_prefix}/lib'
libexecdir='${exec_prefix}/libexec'
localedir='${datarootdir}/locale'
localstatedir='${prefix}/var'
mandir='${datarootdir}/man'
mkdir_p='$(MKDIR_P)'
oldincludedir='/usr/include'
pango_CFLAGS=''
pango_LIBS=''
pdfdir='${docdir}'
prefix='/app/.vendor/tesseract'
program_transform_name='s,x,x,'
psdir='${docdir}'
sbindir='${exec_prefix}/sbin'
sharedstatedir='${prefix}/com'
sysconfdir='${prefix}/etc'
target_alias=''

## ----------- ##
## confdefs.h. ##
## ----------- ##

/* confdefs.h */
#define PACKAGE_NAME "tesseract"
#define PACKAGE_TARNAME "tesseract"
#define PACKAGE_VERSION "3.05.00dev"
#define PACKAGE_STRING "tesseract 3.05.00dev"
#define PACKAGE_BUGREPORT "https://github.com/tesseract-ocr/tesseract/issues"
#define PACKAGE_URL ""
#define GIT_REV "1dbc8c1"
#define PACKAGE_NAME "tesseract"
#define PACKAGE_VERSION "3.05.00dev"
#define PACKAGE_YEAR "2015"
#define PACKAGE_DATE "07/11"
#define PACKAGE "tesseract"
#define VERSION "3.05.00dev"
#define STDC_HEADERS 1
#define HAVE_SYS_TYPES_H 1
#define HAVE_SYS_STAT_H 1
#define HAVE_STDLIB_H 1
#define HAVE_STRING_H 1
#define HAVE_MEMORY_H 1
#define HAVE_STRINGS_H 1
#define HAVE_INTTYPES_H 1
#define HAVE_STDINT_H 1
#define HAVE_UNISTD_H 1
#define HAVE_TIFFIO_H 1
#define HAVE_DLFCN_H 1
#define LT_OBJDIR ".libs/"
#define HAVE_SNPRINTF 1
#define STDC_HEADERS 1
#define TIME_WITH_SYS_TIME 1
#define HAVE_SYS_WAIT_H 1
#define HAVE_SYS_IPC_H 1
#define HAVE_SYS_SHM_H 1
#define HAVE_LIMITS_H 1
#define HAVE_MALLOC_H 1
#define HAVE_STDBOOL_H 1
#define HAVE_GETLINE 1
#define HAVE_WCHAR_T 1
#define HAVE_LONG_LONG_INT 1
#define HAVE_OFF_T 1
#define HAVE_MBSTATE_T 1
#define HAVE_LIBLEPT 1

configure: exit 0
