Determining if the system is big endian passed with the following output:
Change Dir: /home/masashi/opencv/opencv-3.1.0/build/CMakeFiles/CMakeTmp

Run Build Command:/usr/bin/make "cmTryCompileExec2087493800/fast"
/usr/bin/make -f CMakeFiles/cmTryCompileExec2087493800.dir/build.make CMakeFiles/cmTryCompileExec2087493800.dir/build
make[1]: ディレクトリ `/home/masashi/opencv/opencv-3.1.0/build/CMakeFiles/CMakeTmp' に入ります
/usr/bin/cmake -E cmake_progress_report /home/masashi/opencv/opencv-3.1.0/build/CMakeFiles/CMakeTmp/CMakeFiles 1
Building C object CMakeFiles/cmTryCompileExec2087493800.dir/TestEndianess.c.o
/usr/bin/cc   -fsigned-char -W -Wall -Werror=return-type -Werror=non-virtual-dtor -Werror=address -Werror=sequence-point -Wformat -Werror=format-security -Wmissing-declarations -Wmissing-prototypes -Wstrict-prototypes -Wundef -Winit-self -Wpointer-arith -Wshadow -Wno-narrowing -fdiagnostics-show-option -Wno-long-long -pthread -fomit-frame-pointer -msse -msse2 -mno-avx -msse3 -mno-ssse3 -mno-sse4.1 -mno-sse4.2 -ffunction-sections -fvisibility=hidden  -O3 -DNDEBUG   -o CMakeFiles/cmTryCompileExec2087493800.dir/TestEndianess.c.o   -c /home/masashi/opencv/opencv-3.1.0/build/CMakeFiles/CMakeTmp/TestEndianess.c
Linking C executable cmTryCompileExec2087493800
/usr/bin/cmake -E cmake_link_script CMakeFiles/cmTryCompileExec2087493800.dir/link.txt --verbose=1
/usr/bin/cc     -fsigned-char -W -Wall -Werror=return-type -Werror=non-virtual-dtor -Werror=address -Werror=sequence-point -Wformat -Werror=format-security -Wmissing-declarations -Wmissing-prototypes -Wstrict-prototypes -Wundef -Winit-self -Wpointer-arith -Wshadow -Wno-narrowing -fdiagnostics-show-option -Wno-long-long -pthread -fomit-frame-pointer -msse -msse2 -mno-avx -msse3 -mno-ssse3 -mno-sse4.1 -mno-sse4.2 -ffunction-sections -fvisibility=hidden  -O3 -DNDEBUG    CMakeFiles/cmTryCompileExec2087493800.dir/TestEndianess.c.o  -o cmTryCompileExec2087493800 -rdynamic 
make[1]: ディレクトリ `/home/masashi/opencv/opencv-3.1.0/build/CMakeFiles/CMakeTmp' から出ます

TestEndianess.c:
/* A 16 bit integer is required. */
typedef unsigned short cmakeint16;

/* On a little endian machine, these 16bit ints will give "THIS IS LITTLE ENDIAN."
   On a big endian machine the characters will be exchanged pairwise. */
const cmakeint16 info_little[] =  {0x4854, 0x5349, 0x4920, 0x2053, 0x494c, 0x5454, 0x454c, 0x4520, 0x444e, 0x4149, 0x2e4e, 0x0000};

/* on a big endian machine, these 16bit ints will give "THIS IS BIG ENDIAN."
   On a little endian machine the characters will be exchanged pairwise. */
const cmakeint16 info_big[] =     {0x5448, 0x4953, 0x2049, 0x5320, 0x4249, 0x4720, 0x454e, 0x4449, 0x414e, 0x2e2e, 0x0000};

#ifdef __CLASSIC_C__
int main(argc, argv) int argc; char *argv[];
#else
int main(int argc, char *argv[])
#endif
{
  int require = 0;
  require += info_little[argc];
  require += info_big[argc];
  (void)argv;
  return require;
}


Determining if the include file linux/videodev.h exists failed with the following output:
Change Dir: /home/masashi/opencv/opencv-3.1.0/build/CMakeFiles/CMakeTmp

Run Build Command:/usr/bin/make "cmTryCompileExec2925095744/fast"
/usr/bin/make -f CMakeFiles/cmTryCompileExec2925095744.dir/build.make CMakeFiles/cmTryCompileExec2925095744.dir/build
make[1]: ディレクトリ `/home/masashi/opencv/opencv-3.1.0/build/CMakeFiles/CMakeTmp' に入ります
/usr/bin/cmake -E cmake_progress_report /home/masashi/opencv/opencv-3.1.0/build/CMakeFiles/CMakeTmp/CMakeFiles 1
Building C object CMakeFiles/cmTryCompileExec2925095744.dir/CheckIncludeFile.c.o
/usr/bin/cc   -fsigned-char -W -Wall -Werror=return-type -Werror=non-virtual-dtor -Werror=address -Werror=sequence-point -Wformat -Werror=format-security -Wmissing-declarations -Wmissing-prototypes -Wstrict-prototypes -Wundef -Winit-self -Wpointer-arith -Wshadow -Wno-narrowing -fdiagnostics-show-option -Wno-long-long -pthread -fomit-frame-pointer -msse -msse2 -mno-avx -msse3 -mno-ssse3 -mno-sse4.1 -mno-sse4.2 -ffunction-sections -fvisibility=hidden  -O3 -DNDEBUG   -o CMakeFiles/cmTryCompileExec2925095744.dir/CheckIncludeFile.c.o   -c /home/masashi/opencv/opencv-3.1.0/build/CMakeFiles/CMakeTmp/CheckIncludeFile.c
/home/masashi/opencv/opencv-3.1.0/build/CMakeFiles/CMakeTmp/CheckIncludeFile.c:1:28: fatal error: linux/videodev.h: そのようなファイルやディレクトリはありません
 #include <linux/videodev.h>
                            ^
compilation terminated.
make[1]: ディレクトリ `/home/masashi/opencv/opencv-3.1.0/build/CMakeFiles/CMakeTmp' から出ます
make[1]: *** [CMakeFiles/cmTryCompileExec2925095744.dir/CheckIncludeFile.c.o] エラー 1
make: *** [cmTryCompileExec2925095744/fast] エラー 2


Determining if the include file sys/videoio.h exists failed with the following output:
Change Dir: /home/masashi/opencv/opencv-3.1.0/build/CMakeFiles/CMakeTmp

Run Build Command:/usr/bin/make "cmTryCompileExec1583081637/fast"
/usr/bin/make -f CMakeFiles/cmTryCompileExec1583081637.dir/build.make CMakeFiles/cmTryCompileExec1583081637.dir/build
make[1]: ディレクトリ `/home/masashi/opencv/opencv-3.1.0/build/CMakeFiles/CMakeTmp' に入ります
/usr/bin/cmake -E cmake_progress_report /home/masashi/opencv/opencv-3.1.0/build/CMakeFiles/CMakeTmp/CMakeFiles 1
Building C object CMakeFiles/cmTryCompileExec1583081637.dir/CheckIncludeFile.c.o
/usr/bin/cc   -fsigned-char -W -Wall -Werror=return-type -Werror=non-virtual-dtor -Werror=address -Werror=sequence-point -Wformat -Werror=format-security -Wmissing-declarations -Wmissing-prototypes -Wstrict-prototypes -Wundef -Winit-self -Wpointer-arith -Wshadow -Wno-narrowing -fdiagnostics-show-option -Wno-long-long -pthread -fomit-frame-pointer -msse -msse2 -mno-avx -msse3 -mno-ssse3 -mno-sse4.1 -mno-sse4.2 -ffunction-sections -fvisibility=hidden  -O3 -DNDEBUG   -o CMakeFiles/cmTryCompileExec1583081637.dir/CheckIncludeFile.c.o   -c /home/masashi/opencv/opencv-3.1.0/build/CMakeFiles/CMakeTmp/CheckIncludeFile.c
/home/masashi/opencv/opencv-3.1.0/build/CMakeFiles/CMakeTmp/CheckIncludeFile.c:1:25: fatal error: sys/videoio.h: そのようなファイルやディレクトリはありません
 #include <sys/videoio.h>
                         ^
compilation terminated.
make[1]: ディレクトリ `/home/masashi/opencv/opencv-3.1.0/build/CMakeFiles/CMakeTmp' から出ます
make[1]: *** [CMakeFiles/cmTryCompileExec1583081637.dir/CheckIncludeFile.c.o] エラー 1
make: *** [cmTryCompileExec1583081637/fast] エラー 2


Determining if the include file linux/videodev.h exists failed with the following output:
Change Dir: /home/masashi/opencv/opencv-3.1.0/build/CMakeFiles/CMakeTmp

Run Build Command:/usr/bin/make "cmTryCompileExec2856509845/fast"
make[1]: ディレクトリ `/home/masashi/opencv/opencv-3.1.0/build/CMakeFiles/CMakeTmp' に入ります
/usr/bin/make -f CMakeFiles/cmTryCompileExec2856509845.dir/build.make CMakeFiles/cmTryCompileExec2856509845.dir/build
make[2]: ディレクトリ `/home/masashi/opencv/opencv-3.1.0/build/CMakeFiles/CMakeTmp' に入ります
/usr/bin/cmake -E cmake_progress_report /home/masashi/opencv/opencv-3.1.0/build/CMakeFiles/CMakeTmp/CMakeFiles 1
Building C object CMakeFiles/cmTryCompileExec2856509845.dir/CheckIncludeFile.c.o
/usr/bin/cc   -fsigned-char -W -Wall -Werror=return-type -Werror=non-virtual-dtor -Werror=address -Werror=sequence-point -Wformat -Werror=format-security -Wmissing-declarations -Wmissing-prototypes -Wstrict-prototypes -Wundef -Winit-self -Wpointer-arith -Wshadow -Wno-narrowing -fdiagnostics-show-option -Wno-long-long -pthread -fomit-frame-pointer -msse -msse2 -mno-avx -msse3 -mno-ssse3 -mno-sse4.1 -mno-sse4.2 -ffunction-sections -fvisibility=hidden  -O3 -DNDEBUG   -o CMakeFiles/cmTryCompileExec2856509845.dir/CheckIncludeFile.c.o   -c /home/masashi/opencv/opencv-3.1.0/build/CMakeFiles/CMakeTmp/CheckIncludeFile.c
/home/masashi/opencv/opencv-3.1.0/build/CMakeFiles/CMakeTmp/CheckIncludeFile.c:1:28: fatal error: linux/videodev.h: そのようなファイルやディレクトリはありません
 #include <linux/videodev.h>
                            ^
compilation terminated.
make[2]: ディレクトリ `/home/masashi/opencv/opencv-3.1.0/build/CMakeFiles/CMakeTmp' から出ます
make[2]: *** [CMakeFiles/cmTryCompileExec2856509845.dir/CheckIncludeFile.c.o] エラー 1
make[1]: ディレクトリ `/home/masashi/opencv/opencv-3.1.0/build/CMakeFiles/CMakeTmp' から出ます
make[1]: *** [cmTryCompileExec2856509845/fast] エラー 2


Determining if the include file sys/videoio.h exists failed with the following output:
Change Dir: /home/masashi/opencv/opencv-3.1.0/build/CMakeFiles/CMakeTmp

Run Build Command:/usr/bin/make "cmTryCompileExec381678587/fast"
make[1]: ディレクトリ `/home/masashi/opencv/opencv-3.1.0/build/CMakeFiles/CMakeTmp' に入ります
/usr/bin/make -f CMakeFiles/cmTryCompileExec381678587.dir/build.make CMakeFiles/cmTryCompileExec381678587.dir/build
make[2]: ディレクトリ `/home/masashi/opencv/opencv-3.1.0/build/CMakeFiles/CMakeTmp' に入ります
/usr/bin/cmake -E cmake_progress_report /home/masashi/opencv/opencv-3.1.0/build/CMakeFiles/CMakeTmp/CMakeFiles 1
Building C object CMakeFiles/cmTryCompileExec381678587.dir/CheckIncludeFile.c.o
/usr/bin/cc   -fsigned-char -W -Wall -Werror=return-type -Werror=non-virtual-dtor -Werror=address -Werror=sequence-point -Wformat -Werror=format-security -Wmissing-declarations -Wmissing-prototypes -Wstrict-prototypes -Wundef -Winit-self -Wpointer-arith -Wshadow -Wno-narrowing -fdiagnostics-show-option -Wno-long-long -pthread -fomit-frame-pointer -msse -msse2 -mno-avx -msse3 -mno-ssse3 -mno-sse4.1 -mno-sse4.2 -ffunction-sections -fvisibility=hidden  -O3 -DNDEBUG   -o CMakeFiles/cmTryCompileExec381678587.dir/CheckIncludeFile.c.o   -c /home/masashi/opencv/opencv-3.1.0/build/CMakeFiles/CMakeTmp/CheckIncludeFile.c
/home/masashi/opencv/opencv-3.1.0/build/CMakeFiles/CMakeTmp/CheckIncludeFile.c:1:25: fatal error: sys/videoio.h: そのようなファイルやディレクトリはありません
 #include <sys/videoio.h>
                         ^
compilation terminated.
make[2]: ディレクトリ `/home/masashi/opencv/opencv-3.1.0/build/CMakeFiles/CMakeTmp' から出ます
make[2]: *** [CMakeFiles/cmTryCompileExec381678587.dir/CheckIncludeFile.c.o] エラー 1
make[1]: ディレクトリ `/home/masashi/opencv/opencv-3.1.0/build/CMakeFiles/CMakeTmp' から出ます
make[1]: *** [cmTryCompileExec381678587/fast] エラー 2


Determining if the include file linux/videodev.h exists failed with the following output:
Change Dir: /home/masashi/opencv/opencv-3.1.0/build/CMakeFiles/CMakeTmp

Run Build Command:/usr/bin/make "cmTryCompileExec1084297227/fast"
make[1]: ディレクトリ `/home/masashi/opencv/opencv-3.1.0/build/CMakeFiles/CMakeTmp' に入ります
/usr/bin/make -f CMakeFiles/cmTryCompileExec1084297227.dir/build.make CMakeFiles/cmTryCompileExec1084297227.dir/build
make[2]: ディレクトリ `/home/masashi/opencv/opencv-3.1.0/build/CMakeFiles/CMakeTmp' に入ります
/usr/bin/cmake -E cmake_progress_report /home/masashi/opencv/opencv-3.1.0/build/CMakeFiles/CMakeTmp/CMakeFiles 1
Building C object CMakeFiles/cmTryCompileExec1084297227.dir/CheckIncludeFile.c.o
/usr/bin/cc   -fsigned-char -W -Wall -Werror=return-type -Werror=non-virtual-dtor -Werror=address -Werror=sequence-point -Wformat -Werror=format-security -Wmissing-declarations -Wmissing-prototypes -Wstrict-prototypes -Wundef -Winit-self -Wpointer-arith -Wshadow -Wno-narrowing -fdiagnostics-show-option -Wno-long-long -pthread -fomit-frame-pointer -msse -msse2 -mno-avx -msse3 -mno-ssse3 -mno-sse4.1 -mno-sse4.2 -ffunction-sections -fvisibility=hidden  -O3 -DNDEBUG   -o CMakeFiles/cmTryCompileExec1084297227.dir/CheckIncludeFile.c.o   -c /home/masashi/opencv/opencv-3.1.0/build/CMakeFiles/CMakeTmp/CheckIncludeFile.c
/home/masashi/opencv/opencv-3.1.0/build/CMakeFiles/CMakeTmp/CheckIncludeFile.c:1:28: fatal error: linux/videodev.h: そのようなファイルやディレクトリはありません
 #include <linux/videodev.h>
                            ^
compilation terminated.
make[2]: *** [CMakeFiles/cmTryCompileExec1084297227.dir/CheckIncludeFile.c.o] エラー 1
make[2]: ディレクトリ `/home/masashi/opencv/opencv-3.1.0/build/CMakeFiles/CMakeTmp' から出ます
make[1]: ディレクトリ `/home/masashi/opencv/opencv-3.1.0/build/CMakeFiles/CMakeTmp' から出ます
make[1]: *** [cmTryCompileExec1084297227/fast] エラー 2


Determining if the include file sys/videoio.h exists failed with the following output:
Change Dir: /home/masashi/opencv/opencv-3.1.0/build/CMakeFiles/CMakeTmp

Run Build Command:/usr/bin/make "cmTryCompileExec2356625889/fast"
make[1]: ディレクトリ `/home/masashi/opencv/opencv-3.1.0/build/CMakeFiles/CMakeTmp' に入ります
/usr/bin/make -f CMakeFiles/cmTryCompileExec2356625889.dir/build.make CMakeFiles/cmTryCompileExec2356625889.dir/build
make[2]: ディレクトリ `/home/masashi/opencv/opencv-3.1.0/build/CMakeFiles/CMakeTmp' に入ります
/usr/bin/cmake -E cmake_progress_report /home/masashi/opencv/opencv-3.1.0/build/CMakeFiles/CMakeTmp/CMakeFiles 1
Building C object CMakeFiles/cmTryCompileExec2356625889.dir/CheckIncludeFile.c.o
/usr/bin/cc   -fsigned-char -W -Wall -Werror=return-type -Werror=non-virtual-dtor -Werror=address -Werror=sequence-point -Wformat -Werror=format-security -Wmissing-declarations -Wmissing-prototypes -Wstrict-prototypes -Wundef -Winit-self -Wpointer-arith -Wshadow -Wno-narrowing -fdiagnostics-show-option -Wno-long-long -pthread -fomit-frame-pointer -msse -msse2 -mno-avx -msse3 -mno-ssse3 -mno-sse4.1 -mno-sse4.2 -ffunction-sections -fvisibility=hidden  -O3 -DNDEBUG   -o CMakeFiles/cmTryCompileExec2356625889.dir/CheckIncludeFile.c.o   -c /home/masashi/opencv/opencv-3.1.0/build/CMakeFiles/CMakeTmp/CheckIncludeFile.c
/home/masashi/opencv/opencv-3.1.0/build/CMakeFiles/CMakeTmp/CheckIncludeFile.c:1:25: fatal error: sys/videoio.h: そのようなファイルやディレクトリはありません
 #include <sys/videoio.h>
                         ^
compilation terminated.
make[2]: ディレクトリ `/home/masashi/opencv/opencv-3.1.0/build/CMakeFiles/CMakeTmp' から出ます
make[2]: *** [CMakeFiles/cmTryCompileExec2356625889.dir/CheckIncludeFile.c.o] エラー 1
make[1]: ディレクトリ `/home/masashi/opencv/opencv-3.1.0/build/CMakeFiles/CMakeTmp' から出ます
make[1]: *** [cmTryCompileExec2356625889/fast] エラー 2


